Dump: 252
1,0,1,0,1,0,1,0,1,0,1,0,1,0,1,0,1,0,1,0,1,0,1,0,1,0,1,0,1,0,1,0,1,0,1,0,1,0,1,0,1,0,1,0,1,0,1,0,1,0,1,0,1,0,1,0,1,0,1,0,1,0,1,0,1,0,1,0,1,0,1,0,1,0,1,0,1,0,1,0,1,0,1,0,1,0,1,0,1,0,1,0,1,0,1,0,1,0,1,0,1,0,1,0,1,0,1,0,1,0,1,0,1,0,1,0,1,0,1,0,1,0,1,0,1,0,1,0,1,0,1,0,1,0,1,0,1,0,1,0,1,0,1,0,1,0,1,0,1,0,1,0,1,0,1,0,1,0,1,0,1,0,1,0,1,0,1,0,1,0,1,0,1,0,1,0,1,0,1,0,1,0,1,0,1,0,1,0,1,0,1,0,1,0,1,0,1,0,1,0,1,0,1,0,1,0,1,0,1,0,1,0,1,0,1,0,1,0,1,0,1,0,1,0,1,0,1,0,1,0,1,0,1,0,1,0,1,0,1,0,1,0,1,0,1,0,1,0,1,0,1,
1544,2336,3108,3364,4136,4404,5176,5428,6200,6468,6724,7508,7764,8544,8800,9568,10352,10620,10864,11644,11900,12680,13452,13720,13972,14760,15008,15784,16552,16824,17072,17860,18108,18896,19668,19936,20184,20960,21732,22000,22248,23036,23288,24076,24324,25096,25360,26136,26908,27176,27424,28212,28460,29248,29500,30288,30536,31312,31572,32348,32596,33384,33636,34424,35192,35464,35712,36488,37256,37532,38296,38560,39336,39600,39856,40636,40892,41672,41916,42696,42952,43732,43992,53500,55040,55828,56600,56852,57624,57892,58664,58920,59704,59960,60224,60996,61248,62036,62284,63072,63844,64112,64360,65136,65396,66172,66944,67216,67460,68240,68500,69280,70056,70320,70560,71356,71600,72392,73156,73420,73676,74456,75236,75496,75740,76532,76776,77556,77812,78596,78852,79632,80396,80672,80916,81708,81952,82732,82988,83768,84028,84808,85064,85844,86100,86880,87140,87920,88684,88960,89200,89984,90768,91024,91792,92060,92820,93088,93344,94124,94380,95164,95420,96200,96444,97236,97480,106988,108528,109324,110088,110348,111128,111376,112156,112416,113192,113456,113712,114480,114748,115516,115772,116552,117332,117608,117848,118632,118888,119668,120432,120708,120952,121732,121988,122768,123540,123808,124064,124844,125104,125884,126652,126908,127164,127948,128716,128984,129244,130024,130268,131048,131304,132084,132340,133120,133892,134160,134420,135200,135440,136224,136480,137260,137516,138296,138552,139336,139592,140372,140628,141408,142180,142448,142692,143472,144244,144512,145284,145552,146308,146580,146836,147616,147872,148652,148908,149688,149948,150728,150972,
1544,792,772,256,772,268,772,252,772,268,256,784,256,780,256,768,784,268,244,780,256,780,772,268,252,788,248,776,768,272,248,788,248,788,772,268,248,776,772,268,248,788,252,788,248,772,264,776,772,268,248,788,248,788,252,788,248,776,260,776,248,788,252,788,768,272,248,776,768,276,764,264,776,264,256,780,256,780,244,780,256,780,260,9508,1540,788,772,252,772,268,772,256,784,256,264,772,252,788,248,788,772,268,248,776,260,776,772,272,244,780,260,780,776,264,240,796,244,792,764,264,256,780,780,260,244,792,244,780,256,784,256,780,764,276,244,792,244,780,256,780,260,780,256,780,256,780,260,780,764,276,240,784,784,256,768,268,760,268,256,780,256,784,256,780,244,792,244,9508,1540,796,764,260,780,248,780,260,776,264,256,768,268,768,256,780,780,276,240,784,256,780,764,276,244,780,256,780,772,268,256,780,260,780,768,256,256,784,768,268,260,780,244,780,256,780,256,780,772,268,260,780,240,784,256,780,256,780,256,784,256,780,256,780,772,268,244,780,772,268,772,268,756,272,256,780,256,780,256,780,260,780,244,
n,l,l,s,l,s,l,s,l,s,s,l,s,l,s,l,l,s,s,l,s,l,l,s,s,l,s,l,l,s,s,l,s,l,l,s,s,l,l,s,s,l,s,l,s,l,s,l,l,s,s,l,s,l,s,l,s,l,s,l,s,l,s,l,l,s,s,l,l,s,l,s,l,s,s,l,s,l,s,l,s,l,s,p,n,l,l,s,l,s,l,s,l,s,s,l,s,l,s,l,l,s,s,l,s,l,l,s,s,l,s,l,l,s,s,l,s,l,l,s,s,l,l,s,s,l,s,l,s,l,s,l,l,s,s,l,s,l,s,l,s,l,s,l,s,l,s,l,l,s,s,l,l,s,l,s,l,s,s,l,s,l,s,l,s,l,s,p,n,l,l,s,l,s,l,s,l,s,s,l,s,l,s,l,l,s,s,l,s,l,l,s,s,l,s,l,l,s,s,l,s,l,l,s,s,l,l,s,s,l,s,l,s,l,s,l,l,s,s,l,s,l,s,l,s,l,s,l,s,l,s,l,l,s,s,l,l,s,l,s,l,s,s,l,s,l,s,l,s,l,s,
s: 123, 256.94
l: 123, 778.28
===
Dump: 84
1,0,1,0,1,0,1,0,1,0,1,0,1,0,1,0,1,0,1,0,1,0,1,0,1,0,1,0,1,0,1,0,1,0,1,0,1,0,1,0,1,0,1,0,1,0,1,0,1,0,1,0,1,0,1,0,1,0,1,0,1,0,1,0,1,0,1,0,1,0,1,0,1,0,1,0,1,0,1,0,1,0,1,
1544,2324,3096,3364,4136,4392,5176,5432,6204,6472,6728,7496,7752,8532,8788,9568,10340,10624,10868,11648,11904,12684,13456,13712,13968,14748,15004,15784,16556,16824,17068,17848,18104,18900,19656,19924,20180,20964,21732,22004,22244,23028,23284,24064,24320,25100,25356,26136,26908,27176,27420,28200,28456,29240,29496,30276,30532,31312,31568,32352,32592,33388,33632,34412,35196,35464,35712,36488,37260,37528,38300,38556,39324,39592,39844,40632,40880,41668,41916,42692,42956,43728,43992,
1544,780,772,268,772,256,784,256,772,268,256,768,256,780,256,780,772,284,244,780,256,780,772,256,256,780,256,780,772,268,244,780,256,796,756,268,256,784,768,272,240,784,256,780,256,780,256,780,772,268,244,780,256,784,256,780,256,780,256,784,240,796,244,780,784,268,248,776,772,268,772,256,768,268,252,788,248,788,248,776,264,772,264,
n,l,l,s,l,s,l,s,l,s,s,l,s,l,s,l,l,s,s,l,s,l,l,s,s,l,s,l,l,s,s,l,s,l,l,s,s,l,l,s,s,l,s,l,s,l,s,l,l,s,s,l,s,l,s,l,s,l,s,l,s,l,s,l,l,s,s,l,l,s,l,s,l,s,s,l,s,l,s,l,s,l,s,
s: 41, 257.17
l: 41, 778.15
===
Dump: 168
1,0,1,0,1,0,1,0,1,0,1,0,1,0,1,0,1,0,1,0,1,0,1,0,1,0,1,0,1,0,1,0,1,0,1,0,1,0,1,0,1,0,1,0,1,0,1,0,1,0,1,0,1,0,1,0,1,0,1,0,1,0,1,0,1,0,1,0,1,0,1,0,1,0,1,0,1,0,1,0,1,0,1,0,1,0,1,0,1,0,1,0,1,0,1,0,1,0,1,0,1,0,1,0,1,0,1,0,1,0,1,0,1,0,1,0,1,0,1,0,1,0,1,0,1,0,1,0,1,0,1,0,1,0,1,0,1,0,1,0,1,0,1,0,1,0,1,0,1,0,1,0,1,0,1,0,1,0,1,0,1,0,1,0,1,0,1,
1544,2328,3096,3352,4136,4392,5164,5432,6204,6472,6716,7496,7752,8532,8788,9568,10340,10624,10860,11648,11896,12672,13440,13712,13972,14748,14996,15784,16556,16824,17072,17848,18112,18884,19656,19924,20176,20964,21732,21988,22252,23028,23276,24064,24312,25100,25348,26136,26908,27176,27428,28200,28464,29240,29488,30276,30524,31312,31564,32356,32600,33380,33636,34416,35180,35456,35700,36480,37260,37520,38300,38560,39324,39600,39844,40624,40880,41660,41916,42700,42956,43736,43992,53488,55040,55816,56588,56856,57628,57880,58664,58920,59692,59960,60212,60984,61248,62024,62284,63060,63832,64104,64348,65128,65388,66168,66944,67208,67464,68244,68488,69268,70048,70308,70564,71344,71600,72384,73148,73420,73664,74444,75224,75484,75740,76524,76780,77560,77804,78584,78840,79620,80400,80660,80916,81696,81956,82736,82980,83760,84016,84796,85052,85832,86088,86872,87128,87908,88680,88948,89192,89972,90744,91012,91784,92052,92824,93092,93336,94116,94372,95152,95408,96188,96444,97228,97484,
1544,784,768,256,784,256,772,268,772,268,244,780,256,780,256,780,772,284,236,788,248,776,768,272,260,776,248,788,772,268,248,776,264,772,772,268,252,788,768,256,264,776,248,788,248,788,248,788,772,268,252,772,264,776,248,788,248,788,252,792,244,780,256,780,764,276,244,780,780,260,780,260,764,276,244,780,256,780,256,784,256,780,256,9496,1552,776,772,268,772,252,784,256,772,268,252,772,264,776,260,776,772,272,244,780,260,780,776,264,256,780,244,780,780,260,256,780,256,784,764,272,244,780,780,260,256,784,256,780,244,780,256,780,780,260,256,780,260,780,244,780,256,780,256,780,256,784,256,780,772,268,244,780,772,268,772,268,772,268,244,780,256,780,256,780,256,784,256,
n,l,l,s,l,s,l,s,l,s,s,l,s,l,s,l,l,s,s,l,s,l,l,s,s,l,s,l,l,s,s,l,s,l,l,s,s,l,l,s,s,l,s,l,s,l,s,l,l,s,s,l,s,l,s,l,s,l,s,l,s,l,s,l,l,s,s,l,l,s,l,s,l,s,s,l,s,l,s,l,s,l,s,p,n,l,l,s,l,s,l,s,l,s,s,l,s,l,s,l,l,s,s,l,s,l,l,s,s,l,s,l,l,s,s,l,s,l,l,s,s,l,l,s,s,l,s,l,s,l,s,l,l,s,s,l,s,l,s,l,s,l,s,l,s,l,s,l,l,s,s,l,l,s,l,s,l,s,s,l,s,l,s,l,s,l,s,
s: 82, 257.07
l: 82, 778.20
===
Dump: 84
1,0,1,0,1,0,1,0,1,0,1,0,1,0,1,0,1,0,1,0,1,0,1,0,1,0,1,0,1,0,1,0,1,0,1,0,1,0,1,0,1,0,1,0,1,0,1,0,1,0,1,0,1,0,1,0,1,0,1,0,1,0,1,0,1,0,1,0,1,0,1,0,1,0,1,0,1,0,1,0,1,0,1,
1552,2340,3096,3368,4136,4408,5176,5440,6204,6480,6720,7504,7760,8540,8796,9576,10340,10628,10872,11652,11896,12676,13456,13716,13972,14756,15012,15792,16556,16820,17076,17856,18112,18892,19672,19932,20188,20968,21736,21996,22252,23032,23288,24072,24328,25108,25364,26144,26908,27184,27428,28208,28464,29244,29504,30284,30540,31320,31564,32356,32600,33380,33636,34420,35188,35472,35716,36496,37268,37520,38292,38560,39332,39600,39856,40640,40880,41664,41920,42700,42956,43736,43992,
1552,788,756,272,768,272,768,264,764,276,240,784,256,780,256,780,764,288,244,780,244,780,780,260,256,784,256,780,764,264,256,780,256,780,780,260,256,780,768,260,256,780,256,784,256,780,256,780,764,276,244,780,256,780,260,780,256,780,244,792,244,780,256,784,768,284,244,780,772,252,772,268,772,268,256,784,240,784,256,780,256,780,256,
n,l,l,s,l,s,l,s,l,s,s,l,s,l,s,l,l,s,s,l,s,l,l,s,s,l,s,l,l,s,s,l,s,l,l,s,s,l,l,s,s,l,s,l,s,l,s,l,l,s,s,l,s,l,s,l,s,l,s,l,s,l,s,l,l,s,s,l,l,s,l,s,l,s,s,l,s,l,s,l,s,l,s,
s: 41, 257.95
l: 41, 777.17
===
