Dump: 168
1,0,1,0,1,0,1,0,1,0,1,0,1,0,1,0,1,0,1,0,1,0,1,0,1,0,1,0,1,0,1,0,1,0,1,0,1,0,1,0,1,0,1,0,1,0,1,0,1,0,1,0,1,0,1,0,1,0,1,0,1,0,1,0,1,0,1,0,1,0,1,0,1,0,1,0,1,0,1,0,1,0,1,0,1,0,1,0,1,0,1,0,1,0,1,0,1,0,1,0,1,0,1,0,1,0,1,0,1,0,1,0,1,0,1,0,1,0,1,0,1,0,1,0,1,0,1,0,1,0,1,0,1,0,1,0,1,0,1,0,1,0,1,0,1,0,1,0,1,0,1,0,1,0,1,0,1,0,1,0,1,0,1,0,1,0,1,
1552,2340,3096,3364,4136,4392,5176,5432,6200,6476,6720,7500,7756,8536,8796,9576,10340,10628,10872,11652,11896,12676,13452,13716,13972,14752,15008,15788,16556,16816,17072,17852,18108,18892,19668,19932,20188,20968,21732,21992,22252,23032,23288,24068,24324,25104,25364,26144,26908,27184,27424,28208,28464,29244,29500,30280,30536,31320,32088,32344,32600,33380,34152,34420,34680,35460,35716,36496,37268,37524,38292,38560,39332,39600,39844,40624,40880,41664,41920,42700,42956,43736,43992,53488,55044,55824,56588,56848,57628,57888,58668,58916,59692,59956,60212,60992,61248,62032,62288,63068,63840,64108,64352,65132,65388,66168,66940,67208,67464,68244,68488,69268,70040,70308,70568,71348,71604,72384,73156,73424,73668,74448,75220,75488,75744,76524,76780,77560,77804,78584,78844,79624,80392,80664,80920,81700,81956,82736,82980,83760,84016,84800,85568,85836,86096,86876,87648,87916,88156,88952,89196,89976,90748,91016,91788,92056,92828,93080,93336,94120,94376,95156,95412,96192,96448,97232,97472,
1552,788,756,268,772,256,784,256,768,276,244,780,256,780,260,780,764,288,244,780,244,780,776,264,256,780,256,780,768,260,256,780,256,784,776,264,256,780,764,260,260,780,256,780,256,780,260,780,764,276,240,784,256,780,256,780,256,784,768,256,256,780,772,268,260,780,256,780,772,256,768,268,772,268,244,780,256,784,256,780,256,780,256,9496,1556,780,764,260,780,260,780,248,776,264,256,780,256,784,256,780,772,268,244,780,256,780,772,268,256,780,244,780,772,268,260,780,256,780,772,268,244,780,772,268,256,780,256,780,244,780,260,780,768,272,256,780,256,780,244,780,256,784,768,268,260,780,772,268,240,796,244,780,772,268,772,268,772,252,256,784,256,780,256,780,256,784,240,
n,l,l,s,l,s,l,s,l,s,s,l,s,l,s,l,l,s,s,l,s,l,l,s,s,l,s,l,l,s,s,l,s,l,l,s,s,l,l,s,s,l,s,l,s,l,s,l,l,s,s,l,s,l,s,l,s,l,l,s,s,l,l,s,s,l,s,l,l,s,l,s,l,s,s,l,s,l,s,l,s,l,s,p,n,l,l,s,l,s,l,s,l,s,s,l,s,l,s,l,l,s,s,l,s,l,l,s,s,l,s,l,l,s,s,l,s,l,l,s,s,l,l,s,s,l,s,l,s,l,s,l,l,s,s,l,s,l,s,l,s,l,l,s,s,l,l,s,s,l,s,l,l,s,l,s,l,s,s,l,s,l,s,l,s,l,s,
s: 82, 257.61
l: 82, 777.37
===
Dump: 84
1,0,1,0,1,0,1,0,1,0,1,0,1,0,1,0,1,0,1,0,1,0,1,0,1,0,1,0,1,0,1,0,1,0,1,0,1,0,1,0,1,0,1,0,1,0,1,0,1,0,1,0,1,0,1,0,1,0,1,0,1,0,1,0,1,0,1,0,1,0,1,0,1,0,1,0,1,0,1,0,1,0,1,
1552,2340,3100,3368,4140,4392,5180,5432,6204,6472,6724,7512,7760,8536,8796,9572,10344,10616,10860,11656,11896,12680,13456,13716,13976,14756,15012,15792,16556,16820,17076,17856,18112,18892,19672,19932,20188,20972,21736,21996,22252,23032,23292,24072,24328,25108,25364,26144,26912,27184,27428,28208,28464,29248,29504,30284,30540,31320,32084,32348,32604,33384,34168,34424,34680,35460,35716,36500,37268,37524,38296,38564,39336,39604,39848,40628,40884,41664,41920,42704,42960,43740,43984,
1552,788,760,268,772,252,788,252,772,268,252,788,248,776,260,776,772,272,244,796,240,784,776,260,260,780,256,780,764,264,256,780,256,780,780,260,256,784,764,260,256,780,260,780,256,780,256,780,768,272,244,780,256,784,256,780,256,780,764,264,256,780,784,256,256,780,256,784,768,256,772,268,772,268,244,780,256,780,256,784,256,780,244,
n,l,l,s,l,s,l,s,l,s,s,l,s,l,s,l,l,s,s,l,s,l,l,s,s,l,s,l,l,s,s,l,s,l,l,s,s,l,l,s,s,l,s,l,s,l,s,l,l,s,s,l,s,l,s,l,s,l,l,s,s,l,l,s,s,l,s,l,l,s,l,s,l,s,s,l,s,l,s,l,s,l,s,
s: 41, 256.88
l: 41, 778.05
===
Dump: 84
1,0,1,0,1,0,1,0,1,0,1,0,1,0,1,0,1,0,1,0,1,0,1,0,1,0,1,0,1,0,1,0,1,0,1,0,1,0,1,0,1,0,1,0,1,0,1,0,1,0,1,0,1,0,1,0,1,0,1,0,1,0,1,0,1,0,1,0,1,0,1,0,1,0,1,0,1,0,1,0,1,0,1,
1544,2340,3096,3364,4136,4392,5176,5432,6200,6472,6728,7508,7764,8532,8788,9568,10340,10620,10864,11644,11900,12684,13452,13724,13964,14748,15004,15784,16556,16824,17080,17860,18104,18896,19668,19924,20180,20960,21732,22000,22244,23040,23280,24060,24320,25100,25356,26136,26908,27176,27440,28212,28464,29236,29500,30276,30536,31312,32084,32352,32600,33388,34160,34416,34676,35464,35716,36488,37260,37528,38300,38556,39328,39596,39844,40632,40880,41668,41920,42692,42956,43732,43992,
1544,796,756,268,772,256,784,256,768,272,256,780,256,768,256,780,772,280,244,780,256,784,768,272,240,784,256,780,772,268,256,780,244,792,772,256,256,780,772,268,244,796,240,780,260,780,256,780,772,268,264,772,252,772,264,776,260,776,772,268,248,788,772,256,260,788,252,772,772,268,772,256,772,268,248,788,248,788,252,772,264,776,260,
n,l,l,s,l,s,l,s,l,s,s,l,s,l,s,l,l,s,s,l,s,l,l,s,s,l,s,l,l,s,s,l,s,l,l,s,s,l,l,s,s,l,s,l,s,l,s,l,l,s,s,l,s,l,s,l,s,l,l,s,s,l,l,s,s,l,s,l,l,s,l,s,l,s,s,l,s,l,s,l,s,l,s,
s: 41, 257.85
l: 41, 777.46
===
