Dump: 84
1,0,1,0,1,0,1,0,1,0,1,0,1,0,1,0,1,0,1,0,1,0,1,0,1,0,1,0,1,0,1,0,1,0,1,0,1,0,1,0,1,0,1,0,1,0,1,0,1,0,1,0,1,0,1,0,1,0,1,0,1,0,1,0,1,0,1,0,1,0,1,0,1,0,1,0,1,0,1,0,1,0,1,
1536,2324,3096,3352,4136,4392,5160,5428,6200,6468,6720,7492,7756,8532,8780,9568,10340,10620,10856,11644,11896,12668,13440,13708,13960,14748,14996,15784,16556,16808,17072,17848,18108,18884,19656,19928,20172,20952,21732,21992,22252,23032,23272,24056,24312,25092,25348,26128,26908,27168,27424,28208,28448,29244,29488,30268,30524,31304,31560,32340,32600,33380,34144,34420,34660,35456,35700,36480,37256,37520,38284,38560,39324,39584,39840,40624,40880,41660,41916,42696,42952,43736,43976,
1536,788,772,256,784,256,768,268,772,268,252,772,264,776,248,788,772,280,236,788,252,772,772,268,252,788,248,788,772,252,264,776,260,776,772,272,244,780,780,260,260,780,240,784,256,780,256,780,780,260,256,784,240,796,244,780,256,780,256,780,260,780,764,276,240,796,244,780,776,264,764,276,764,260,256,784,256,780,256,780,256,784,240,
n,l,l,s,l,s,l,s,l,s,s,l,s,l,s,l,l,s,s,l,s,l,l,s,s,l,s,l,l,s,s,l,s,l,l,s,s,l,l,s,s,l,s,l,s,l,s,l,l,s,s,l,s,l,s,l,s,l,s,l,s,l,l,s,s,l,s,l,l,s,l,s,l,s,s,l,s,l,s,l,s,l,s,
s: 41, 256.29
l: 41, 778.83
===
Dump: 168
1,0,1,0,1,0,1,0,1,0,1,0,1,0,1,0,1,0,1,0,1,0,1,0,1,0,1,0,1,0,1,0,1,0,1,0,1,0,1,0,1,0,1,0,1,0,1,0,1,0,1,0,1,0,1,0,1,0,1,0,1,0,1,0,1,0,1,0,1,0,1,0,1,0,1,0,1,0,1,0,1,0,1,0,1,0,1,0,1,0,1,0,1,0,1,0,1,0,1,0,1,0,1,0,1,0,1,0,1,0,1,0,1,0,1,0,1,0,1,0,1,0,1,0,1,0,1,0,1,0,1,0,1,0,1,0,1,0,1,0,1,0,1,0,1,0,1,0,1,0,1,0,1,0,1,0,1,0,1,0,1,0,1,0,1,0,1,
1544,2336,3096,3364,4136,4404,5176,5432,6216,6472,6728,7508,7764,8544,8800,9568,10352,10620,10864,11644,11904,12684,13456,13724,13968,14748,15004,15784,16556,16824,17080,17860,18116,18900,19668,19940,20180,20960,21732,22000,22252,23040,23288,24076,24324,25100,25364,26136,26908,27176,27428,28212,28464,29252,29500,30276,30536,31312,31576,32348,32600,33388,34156,34428,34676,35464,35712,36488,37272,37528,38296,38568,39336,39592,39856,40632,40880,41668,41916,42704,42952,43740,43992,53500,55040,55828,56584,56856,57624,57896,58664,58920,59704,59960,60208,60996,61248,62036,62284,63060,63844,64112,64360,65136,65384,66172,66944,67212,67460,68248,68500,69272,70044,70312,70564,71352,71600,72388,73160,73428,73676,74452,75220,75496,75740,76520,76776,77556,77816,78596,78852,79632,80396,80672,80916,81696,81952,82732,82988,83772,84028,84808,85064,85844,86088,86868,87648,87908,88164,88960,89200,89984,90748,91024,91788,92048,92828,93088,93344,94124,94368,95148,95404,96188,96444,97224,97480,
1544,792,760,268,772,268,772,256,784,256,256,780,256,780,256,768,784,268,244,780,260,780,772,268,244,780,256,780,772,268,256,780,256,784,768,272,240,780,772,268,252,788,248,788,248,776,264,772,772,268,252,784,252,788,248,776,260,776,264,772,252,788,768,272,248,788,248,776,784,256,768,272,768,256,264,776,248,788,248,788,248,788,252,9508,1540,788,756,272,768,272,768,256,784,256,248,788,252,788,248,776,784,268,248,776,248,788,772,268,248,788,252,772,772,268,252,788,248,788,772,268,248,776,768,276,244,780,256,780,260,780,256,780,764,276,244,780,256,780,256,784,256,780,256,780,244,780,780,260,256,796,240,784,764,276,764,260,780,260,256,780,244,780,256,784,256,780,256,
n,l,l,s,l,s,l,s,l,s,s,l,s,l,s,l,l,s,s,l,s,l,l,s,s,l,s,l,l,s,s,l,s,l,l,s,s,l,l,s,s,l,s,l,s,l,s,l,l,s,s,l,s,l,s,l,s,l,s,l,s,l,l,s,s,l,s,l,l,s,l,s,l,s,s,l,s,l,s,l,s,l,s,p,n,l,l,s,l,s,l,s,l,s,s,l,s,l,s,l,l,s,s,l,s,l,l,s,s,l,s,l,l,s,s,l,s,l,l,s,s,l,l,s,s,l,s,l,s,l,s,l,l,s,s,l,s,l,s,l,s,l,s,l,s,l,l,s,s,l,s,l,l,s,l,s,l,s,s,l,s,l,s,l,s,l,s,
s: 82, 256.78
l: 82, 778.44
===
Dump: 84
1,0,1,0,1,0,1,0,1,0,1,0,1,0,1,0,1,0,1,0,1,0,1,0,1,0,1,0,1,0,1,0,1,0,1,0,1,0,1,0,1,0,1,0,1,0,1,0,1,0,1,0,1,0,1,0,1,0,1,0,1,0,1,0,1,0,1,0,1,0,1,0,1,0,1,0,1,0,1,0,1,0,1,
1544,2328,3096,3352,4136,4392,5164,5432,6204,6472,6720,7496,7760,8532,8796,9568,10340,10624,10860,11648,11896,12672,13440,13712,13972,14748,14996,15784,16556,16824,17072,17848,18112,18884,19656,19924,20176,20964,21732,22000,22252,23024,23288,24064,24312,25100,25348,26136,26908,27176,27428,28200,28464,29244,29488,30268,30524,31304,31564,32344,32600,33380,34144,34420,34676,35456,35700,36496,37260,37520,38300,38560,39324,39588,39844,40624,40880,41660,41920,42700,42956,43736,43980,
1544,784,768,256,784,256,772,268,772,268,248,776,264,772,264,772,772,284,236,788,248,776,768,272,260,776,248,788,772,268,248,776,264,772,772,268,252,788,768,268,252,772,264,776,248,788,248,788,772,268,252,772,264,780,244,780,256,780,260,780,256,780,764,276,256,780,244,796,764,260,780,260,764,264,256,780,256,780,260,780,256,780,244,
n,l,l,s,l,s,l,s,l,s,s,l,s,l,s,l,l,s,s,l,s,l,l,s,s,l,s,l,l,s,s,l,s,l,l,s,s,l,l,s,s,l,s,l,s,l,s,l,l,s,s,l,s,l,s,l,s,l,s,l,s,l,l,s,s,l,s,l,l,s,l,s,l,s,s,l,s,l,s,l,s,l,s,
s: 41, 258.15
l: 41, 776.88
===
