Dump: 168
1,0,1,0,1,0,1,0,1,0,1,0,1,0,1,0,1,0,1,0,1,0,1,0,1,0,1,0,1,0,1,0,1,0,1,0,1,0,1,0,1,0,1,0,1,0,1,0,1,0,1,0,1,0,1,0,1,0,1,0,1,0,1,0,1,0,1,0,1,0,1,0,1,0,1,0,1,0,1,0,1,0,1,0,1,0,1,0,1,0,1,0,1,0,1,0,1,0,1,0,1,0,1,0,1,0,1,0,1,0,1,0,1,0,1,0,1,0,1,0,1,0,1,0,1,0,1,0,1,0,1,0,1,0,1,0,1,0,1,0,1,0,1,0,1,0,1,0,1,0,1,0,1,0,1,0,1,0,1,0,1,0,1,0,1,0,1,
1544,2336,3108,3372,4144,4408,5180,5440,6212,6476,6740,7520,7772,8552,8804,9584,10368,10644,10884,11664,11916,12696,13480,13744,13996,14776,15028,15820,16592,16856,17108,17888,18140,18932,19704,19968,20220,21000,21772,22036,22288,23080,23332,24112,24364,25144,25408,26188,26960,27224,27476,28268,28520,29300,29552,30332,31104,31380,31632,32412,33184,33444,33704,34476,34736,35536,35780,36556,37324,37604,38372,38636,39408,39672,39916,40704,40964,41748,41996,42780,43040,43812,44072,53592,55140,55932,56692,56956,57736,58000,58772,59036,59808,60072,60328,61104,61360,62148,62408,63180,63952,64228,64472,65260,65504,66292,67064,67340,67584,68372,68628,69404,70172,70448,70696,71480,71740,72528,73284,73560,73808,74592,75364,75628,75888,76672,76920,77704,77952,78736,78996,79788,80552,80820,81076,81852,82108,82884,83140,83932,84696,84964,85216,85996,86776,87044,87296,88076,88328,89120,89372,90152,90920,91188,91964,92224,93000,93256,93508,94304,94556,95336,95588,96368,96632,97412,97664,
1544,792,772,264,772,264,772,260,772,264,264,780,252,780,252,780,784,276,240,780,252,780,784,264,252,780,252,792,772,264,252,780,252,792,772,264,252,780,772,264,252,792,252,780,252,780,264,780,772,264,252,792,252,780,252,780,772,276,252,780,772,260,260,772,260,800,244,776,768,280,768,264,772,264,244,788,260,784,248,784,260,772,260,9520,1548,792,760,264,780,264,772,264,772,264,256,776,256,788,260,772,772,276,244,788,244,788,772,276,244,788,256,776,768,276,248,784,260,788,756,276,248,784,772,264,260,784,248,784,248,784,260,792,764,268,256,776,256,776,256,792,764,268,252,780,780,268,252,780,252,792,252,780,768,268,776,260,776,256,252,796,252,780,252,780,264,780,252,
n,l,l,s,l,s,l,s,l,s,s,l,s,l,s,l,l,s,s,l,s,l,l,s,s,l,s,l,l,s,s,l,s,l,l,s,s,l,l,s,s,l,s,l,s,l,s,l,l,s,s,l,s,l,s,l,l,s,s,l,l,s,s,l,s,l,s,l,l,s,l,s,l,s,s,l,s,l,s,l,s,l,s,p,n,l,l,s,l,s,l,s,l,s,s,l,s,l,s,l,l,s,s,l,s,l,l,s,s,l,s,l,l,s,s,l,s,l,l,s,s,l,l,s,s,l,s,l,s,l,s,l,l,s,s,l,s,l,s,l,l,s,s,l,l,s,s,l,s,l,s,l,l,s,l,s,l,s,s,l,s,l,s,l,s,l,s,
s: 82, 258.15
l: 82, 779.07
===
Dump: 168
1,0,1,0,1,0,1,0,1,0,1,0,1,0,1,0,1,0,1,0,1,0,1,0,1,0,1,0,1,0,1,0,1,0,1,0,1,0,1,0,1,0,1,0,1,0,1,0,1,0,1,0,1,0,1,0,1,0,1,0,1,0,1,0,1,0,1,0,1,0,1,0,1,0,1,0,1,0,1,0,1,0,1,0,1,0,1,0,1,0,1,0,1,0,1,0,1,0,1,0,1,0,1,0,1,0,1,0,1,0,1,0,1,0,1,0,1,0,1,0,1,0,1,0,1,0,1,0,1,0,1,0,1,0,1,0,1,0,1,0,1,0,1,0,1,0,1,0,1,0,1,0,1,0,1,0,1,0,1,0,1,0,1,0,1,0,1,
1552,2332,3108,3368,4144,4400,5180,5436,6212,6484,6736,7516,7768,8548,8812,9592,10368,10640,10880,11672,11924,12704,13480,13740,14004,14784,15036,15816,16600,16848,17104,17896,18148,18928,19696,19972,20228,21008,21776,22040,22292,23072,23324,24116,24368,25148,25400,26196,26964,27228,27480,28260,28512,29304,29556,30336,31108,31372,31624,32416,33188,33452,33704,34484,34736,35528,35780,36560,37332,37596,38368,38628,39412,39676,39928,40708,40960,41740,41992,42784,43040,43816,44072,53600,55144,55924,56696,56960,57732,57996,58780,59028,59812,60076,60328,61108,61360,62140,62408,63188,63956,64232,64472,65264,65516,66296,67068,67332,67584,68376,68628,69408,70180,70444,70696,71488,71740,72520,73292,73556,73808,74600,75372,75636,75888,76668,76920,77712,77964,78744,78996,79776,80560,80824,81076,81856,82108,82888,83140,83932,84704,84968,85224,86000,86780,87044,87292,88076,88336,89124,89368,90156,90924,91188,91960,92224,92996,93260,93516,94304,94548,95336,95592,96368,96628,97412,97672,
1552,780,776,260,776,256,780,256,776,272,252,780,252,780,264,780,776,272,240,792,252,780,776,260,264,780,252,780,784,248,256,792,252,780,768,276,256,780,768,264,252,780,252,792,252,780,252,796,768,264,252,780,252,792,252,780,772,264,252,792,772,264,252,780,252,792,252,780,772,264,772,260,784,264,252,780,252,780,252,792,256,776,256,9528,1544,780,772,264,772,264,784,248,784,264,252,780,252,780,268,780,768,276,240,792,252,780,772,264,252,792,252,780,772,264,252,792,252,780,772,264,252,792,772,264,252,780,252,792,252,780,252,780,784,264,252,780,252,780,252,792,772,264,256,776,780,264,248,784,260,788,244,788,768,264,772,264,772,264,256,788,244,788,256,776,260,784,260,
n,l,l,s,l,s,l,s,l,s,s,l,s,l,s,l,l,s,s,l,s,l,l,s,s,l,s,l,l,s,s,l,s,l,l,s,s,l,l,s,s,l,s,l,s,l,s,l,l,s,s,l,s,l,s,l,l,s,s,l,l,s,s,l,s,l,s,l,l,s,l,s,l,s,s,l,s,l,s,l,s,l,s,p,n,l,l,s,l,s,l,s,l,s,s,l,s,l,s,l,l,s,s,l,s,l,l,s,s,l,s,l,l,s,s,l,s,l,l,s,s,l,l,s,s,l,s,l,s,l,s,l,l,s,s,l,s,l,s,l,l,s,s,l,l,s,s,l,s,l,s,l,l,s,l,s,l,s,s,l,s,l,s,l,s,l,s,
s: 82, 256.73
l: 82, 780.44
===
Dump: 84
1,0,1,0,1,0,1,0,1,0,1,0,1,0,1,0,1,0,1,0,1,0,1,0,1,0,1,0,1,0,1,0,1,0,1,0,1,0,1,0,1,0,1,0,1,0,1,0,1,0,1,0,1,0,1,0,1,0,1,0,1,0,1,0,1,0,1,0,1,0,1,0,1,0,1,0,1,0,1,0,1,0,1,
1548,2336,3108,3368,4140,4404,5188,5440,6224,6488,6744,7520,7776,8552,8808,9600,10368,10648,10888,11668,11920,12712,13480,13748,14000,14780,15032,15824,16588,16860,17112,17892,18144,18936,19700,19972,20224,21004,21780,22052,22304,23084,23336,24116,24368,25160,25412,26192,26968,27240,27480,28272,28524,29304,29556,30336,31120,31384,31636,32416,33184,33448,33700,34496,34748,35540,35780,36572,37340,37604,38376,38640,39412,39676,39928,40708,40960,41752,42004,42784,43036,43828,44080,
1548,788,772,260,772,264,784,252,784,264,256,776,256,776,256,792,768,280,240,780,252,792,768,268,252,780,252,792,764,272,252,780,252,792,764,272,252,780,776,272,252,780,252,780,252,792,252,780,776,272,240,792,252,780,252,780,784,264,252,780,768,264,252,796,252,792,240,792,768,264,772,264,772,264,252,780,252,792,252,780,252,792,252,
n,l,l,s,l,s,l,s,l,s,s,l,s,l,s,l,l,s,s,l,s,l,l,s,s,l,s,l,l,s,s,l,s,l,l,s,s,l,l,s,s,l,s,l,s,l,s,l,l,s,s,l,s,l,s,l,l,s,s,l,l,s,s,l,s,l,s,l,l,s,l,s,l,s,s,l,s,l,s,l,s,l,s,
s: 41, 256.68
l: 41, 780.68
===
Dump: 84
1,0,1,0,1,0,1,0,1,0,1,0,1,0,1,0,1,0,1,0,1,0,1,0,1,0,1,0,1,0,1,0,1,0,1,0,1,0,1,0,1,0,1,0,1,0,1,0,1,0,1,0,1,0,1,0,1,0,1,0,1,0,1,0,1,0,1,0,1,0,1,0,1,0,1,0,1,0,1,0,1,0,1,
1548,2336,3108,3372,4140,4404,5176,5440,6212,6476,6732,7508,7764,8552,8808,9584,10368,10644,10876,11664,11920,12696,13480,13740,13988,14776,15032,15820,16588,16852,17100,17884,18144,18928,19700,19964,20224,21004,21768,22036,22288,23068,23324,24116,24368,25148,25400,26180,26956,27224,27480,28260,28512,29304,29556,30336,31100,31368,31620,32416,33180,33448,33700,34480,34732,35524,35776,36556,37336,37592,38368,38628,39404,39676,39928,40708,40960,41740,41992,42784,43036,43816,44068,
1548,788,772,264,768,264,772,264,772,264,256,776,256,788,256,776,784,276,232,788,256,776,784,260,248,788,256,788,768,264,248,784,260,784,772,264,260,780,764,268,252,780,256,792,252,780,252,780,776,268,256,780,252,792,252,780,764,268,252,796,764,268,252,780,252,792,252,780,780,256,776,260,776,272,252,780,252,780,252,792,252,780,252,
n,l,l,s,l,s,l,s,l,s,s,l,s,l,s,l,l,s,s,l,s,l,l,s,s,l,s,l,l,s,s,l,s,l,l,s,s,l,l,s,s,l,s,l,s,l,s,l,l,s,s,l,s,l,s,l,l,s,s,l,l,s,s,l,s,l,s,l,l,s,l,s,l,s,s,l,s,l,s,l,s,l,s,
s: 41, 257.27
l: 41, 779.80
===
Dump: 168
1,0,1,0,1,0,1,0,1,0,1,0,1,0,1,0,1,0,1,0,1,0,1,0,1,0,1,0,1,0,1,0,1,0,1,0,1,0,1,0,1,0,1,0,1,0,1,0,1,0,1,0,1,0,1,0,1,0,1,0,1,0,1,0,1,0,1,0,1,0,1,0,1,0,1,0,1,0,1,0,1,0,1,0,1,0,1,0,1,0,1,0,1,0,1,0,1,0,1,0,1,0,1,0,1,0,1,0,1,0,1,0,1,0,1,0,1,0,1,0,1,0,1,0,1,0,1,0,1,0,1,0,1,0,1,0,1,0,1,0,1,0,1,0,1,0,1,0,1,0,1,0,1,0,1,0,1,0,1,0,1,0,1,0,1,0,1,
1552,2356,3108,3376,4156,4412,5188,5448,6224,6492,6744,7524,7780,8556,8812,9588,10368,10648,10888,11668,11920,12712,13480,13748,14000,14780,15032,15824,16588,16860,17112,17892,18156,18936,19700,19972,20224,21004,21780,22052,22304,23084,23336,24116,24368,25160,25412,26192,26964,27240,27492,28272,28524,29304,29556,30348,31120,31384,31636,32416,33184,33448,33716,34492,34748,35540,35792,36572,37340,37604,38376,38640,39412,39676,39928,40720,40972,41752,42004,42784,43048,43828,44080,53596,55156,55936,56704,56968,57740,58004,58776,59040,59824,60088,60340,61120,61372,62152,62416,63196,63968,64244,64484,65276,65528,66308,67076,67340,67592,68388,68640,69420,70188,70452,70704,71484,71752,72528,73300,73564,73816,74608,75380,75644,75896,76676,76928,77720,77972,78752,79004,79784,80568,80832,81084,81864,82116,82896,83148,83940,84712,84976,85228,86008,86792,87056,87308,88088,88340,89132,89392,90164,90936,91200,91968,92232,93004,93268,93528,94312,94560,95344,95604,96388,96636,97420,97680,
1552,804,752,268,780,256,776,260,776,268,252,780,256,776,256,776,780,280,240,780,252,792,768,268,252,780,252,792,764,272,252,780,264,780,764,272,252,780,776,272,252,780,252,780,252,792,252,780,772,276,252,780,252,780,252,792,772,264,252,780,768,264,268,776,256,792,252,780,768,264,772,264,772,264,252,792,252,780,252,780,264,780,252,9516,1560,780,768,264,772,264,772,264,784,264,252,780,252,780,264,780,772,276,240,792,252,780,768,264,252,796,252,780,768,264,252,780,268,776,772,264,252,792,772,264,252,780,252,792,252,780,252,780,784,264,252,780,252,780,252,792,772,264,252,780,784,264,252,780,252,792,260,772,772,264,768,264,772,264,260,784,248,784,260,784,248,784,260,
n,l,l,s,l,s,l,s,l,s,s,l,s,l,s,l,l,s,s,l,s,l,l,s,s,l,s,l,l,s,s,l,s,l,l,s,s,l,l,s,s,l,s,l,s,l,s,l,l,s,s,l,s,l,s,l,l,s,s,l,l,s,s,l,s,l,s,l,l,s,l,s,l,s,s,l,s,l,s,l,s,l,s,p,n,l,l,s,l,s,l,s,l,s,s,l,s,l,s,l,l,s,s,l,s,l,l,s,s,l,s,l,l,s,s,l,s,l,l,s,s,l,l,s,s,l,s,l,s,l,s,l,l,s,s,l,s,l,s,l,l,s,s,l,l,s,s,l,s,l,s,l,l,s,l,s,l,s,s,l,s,l,s,l,s,l,s,
s: 82, 258.15
l: 82, 779.07
===
