Dump: 168
1,0,1,0,1,0,1,0,1,0,1,0,1,0,1,0,1,0,1,0,1,0,1,0,1,0,1,0,1,0,1,0,1,0,1,0,1,0,1,0,1,0,1,0,1,0,1,0,1,0,1,0,1,0,1,0,1,0,1,0,1,0,1,0,1,0,1,0,1,0,1,0,1,0,1,0,1,0,1,0,1,0,1,0,1,0,1,0,1,0,1,0,1,0,1,0,1,0,1,0,1,0,1,0,1,0,1,0,1,0,1,0,1,0,1,0,1,0,1,0,1,0,1,0,1,0,1,0,1,0,1,0,1,0,1,0,1,0,1,0,1,0,1,0,1,0,1,0,1,0,1,0,1,0,1,0,1,0,1,0,1,0,1,0,1,0,1,
1552,2336,3096,3364,4136,4392,5176,5432,6200,6468,6720,7508,7756,8532,8792,9568,10352,10628,10872,11652,11896,12676,13452,13716,13972,14752,15008,15788,16552,16816,17072,17852,18108,18888,19668,19928,20188,20968,21732,21992,22248,23032,23288,24068,24324,25104,25360,26144,26908,27180,27424,28204,28464,29244,29500,30280,30536,31316,31576,32356,32600,33380,34164,34420,35188,35472,35700,36496,37268,37520,38292,38560,39332,39600,39844,40624,40880,41660,41920,42700,42956,43736,43992,53488,55044,55824,56588,56848,57628,57888,58668,58916,59692,59956,60212,60992,61248,62028,62288,63068,63832,64108,64348,65132,65388,66168,66940,67208,67464,68244,68488,69280,70052,70308,70564,71344,71600,72384,73152,73424,73664,74448,75232,75484,75744,76524,76780,77560,77804,78596,78840,79620,80392,80660,80916,81700,81956,82736,82992,83772,84016,84808,85052,85832,86092,86872,87644,87912,88680,88952,89192,89976,90744,91012,91784,92052,92824,93080,93336,94116,94372,95156,95412,96192,96448,97228,97472,
1552,784,760,268,772,256,784,256,768,268,252,788,248,776,260,776,784,276,244,780,244,780,776,264,256,780,256,780,764,264,256,780,256,780,780,260,260,780,764,260,256,784,256,780,256,780,256,784,764,272,244,780,260,780,256,780,256,780,260,780,244,780,784,256,768,284,228,796,772,252,772,268,772,268,244,780,256,780,260,780,256,780,256,9496,1556,780,764,260,780,260,780,248,776,264,256,780,256,780,260,780,764,276,240,784,256,780,772,268,256,780,244,792,772,256,256,780,256,784,768,272,240,784,784,252,260,780,256,780,244,792,244,780,772,268,256,784,256,780,256,780,244,792,244,780,260,780,772,268,768,272,240,784,768,268,772,268,772,256,256,780,256,784,256,780,256,780,244,
n,l,l,s,l,s,l,s,l,s,s,l,s,l,s,l,l,s,s,l,s,l,l,s,s,l,s,l,l,s,s,l,s,l,l,s,s,l,l,s,s,l,s,l,s,l,s,l,l,s,s,l,s,l,s,l,s,l,s,l,s,l,l,s,l,s,s,l,l,s,l,s,l,s,s,l,s,l,s,l,s,l,s,p,n,l,l,s,l,s,l,s,l,s,s,l,s,l,s,l,l,s,s,l,s,l,l,s,s,l,s,l,l,s,s,l,s,l,l,s,s,l,l,s,s,l,s,l,s,l,s,l,l,s,s,l,s,l,s,l,s,l,s,l,s,l,l,s,l,s,s,l,l,s,l,s,l,s,s,l,s,l,s,l,s,l,s,
s: 82, 256.73
l: 82, 778.24
===
Dump: 84
1,0,1,0,1,0,1,0,1,0,1,0,1,0,1,0,1,0,1,0,1,0,1,0,1,0,1,0,1,0,1,0,1,0,1,0,1,0,1,0,1,0,1,0,1,0,1,0,1,0,1,0,1,0,1,0,1,0,1,0,1,0,1,0,1,0,1,0,1,0,1,0,1,0,1,0,1,0,1,0,1,0,1,
1544,2340,3096,3364,4136,4404,5176,5432,6216,6472,6720,7508,7756,8532,8796,9568,10356,10624,10872,11648,11896,12684,13456,13724,13972,14760,15012,15784,16556,16824,17072,17860,18112,18900,19668,19924,20188,20964,21732,22004,22252,23040,23288,24064,24324,25100,25364,26144,26908,27184,27428,28208,28464,29244,29500,30280,30540,31320,31576,32356,32600,33380,34160,34420,35200,35472,35704,36496,37260,37524,38300,38564,39328,39604,39844,40628,40884,41664,41920,42700,42956,43740,43996,
1544,796,756,268,772,268,772,256,784,256,248,788,248,776,264,772,788,268,248,776,248,788,772,268,248,788,252,772,772,268,248,788,252,788,768,256,264,776,768,272,248,788,248,776,260,776,264,780,764,276,244,780,256,780,256,780,260,780,256,780,244,780,780,260,780,272,232,792,764,264,776,264,764,276,240,784,256,780,256,780,256,784,256,
n,l,l,s,l,s,l,s,l,s,s,l,s,l,s,l,l,s,s,l,s,l,l,s,s,l,s,l,l,s,s,l,s,l,l,s,s,l,l,s,s,l,s,l,s,l,s,l,l,s,s,l,s,l,s,l,s,l,s,l,s,l,l,s,l,s,s,l,l,s,l,s,l,s,s,l,s,l,s,l,s,l,s,
s: 41, 257.17
l: 41, 778.24
===
Dump: 84
1,0,1,0,1,0,1,0,1,0,1,0,1,0,1,0,1,0,1,0,1,0,1,0,1,0,1,0,1,0,1,0,1,0,1,0,1,0,1,0,1,0,1,0,1,0,1,0,1,0,1,0,1,0,1,0,1,0,1,0,1,0,1,0,1,0,1,0,1,0,1,0,1,0,1,0,1,0,1,0,1,0,1,
1552,2328,3100,3372,4140,4400,5180,5428,6204,6468,6724,7504,7760,8540,8796,9580,10344,10616,10860,11640,11900,12680,13456,13720,13976,14756,15000,15792,16556,16820,17076,17856,18112,18892,19660,19932,20176,20956,21736,21996,22252,23036,23292,24072,24316,25108,25352,26132,26916,27172,27428,28208,28464,29248,29488,30284,30528,31320,31564,32344,32600,33384,34152,34420,35192,35460,35704,36484,37256,37524,38296,38564,39336,39592,39848,40628,40884,41664,41920,42704,42960,43740,43984,
1552,776,772,272,768,260,780,248,776,264,256,780,256,780,256,784,764,272,244,780,260,780,776,264,256,780,244,792,764,264,256,780,256,780,768,272,244,780,780,260,256,784,256,780,244,792,244,780,784,256,256,780,256,784,240,796,244,792,244,780,256,784,768,268,772,268,244,780,772,268,772,268,772,256,256,780,256,780,256,784,256,780,244,
n,l,l,s,l,s,l,s,l,s,s,l,s,l,s,l,l,s,s,l,s,l,l,s,s,l,s,l,l,s,s,l,s,l,l,s,s,l,l,s,s,l,s,l,s,l,s,l,l,s,s,l,s,l,s,l,s,l,s,l,s,l,l,s,l,s,s,l,l,s,l,s,l,s,s,l,s,l,s,l,s,l,s,
s: 41, 256.00
l: 41, 778.93
===
