Dump: 168
1,0,1,0,1,0,1,0,1,0,1,0,1,0,1,0,1,0,1,0,1,0,1,0,1,0,1,0,1,0,1,0,1,0,1,0,1,0,1,0,1,0,1,0,1,0,1,0,1,0,1,0,1,0,1,0,1,0,1,0,1,0,1,0,1,0,1,0,1,0,1,0,1,0,1,0,1,0,1,0,1,0,1,0,1,0,1,0,1,0,1,0,1,0,1,0,1,0,1,0,1,0,1,0,1,0,1,0,1,0,1,0,1,0,1,0,1,0,1,0,1,0,1,0,1,0,1,0,1,0,1,0,1,0,1,0,1,0,1,0,1,0,1,0,1,0,1,0,1,0,1,0,1,0,1,0,1,0,1,0,1,0,1,0,1,0,1,
1544,2324,3096,3352,4136,4392,5160,5432,6200,6468,6728,7492,7752,8532,8788,9568,10340,10620,10864,11644,11888,12668,13452,13708,13964,14744,15004,15784,16556,16824,17064,17848,18104,18884,19656,19924,20180,20960,21732,22000,22244,23024,23280,24060,24320,25100,25356,26136,26908,27176,27420,28200,28456,29236,29492,30276,30532,31312,31568,32348,33120,33388,33632,34412,34668,35464,35708,36488,37260,37528,38296,38552,39324,39592,39844,40632,40880,41656,41916,42692,42952,43728,43976,53488,55036,55816,56584,56840,57624,57880,58652,58920,59692,59960,60204,60984,61240,62020,62276,63060,63828,64112,64356,65136,65380,66160,66932,67200,67456,68236,68500,69272,70044,70300,70564,71336,71600,72376,73144,73412,73664,74452,75220,75476,75740,76516,76764,77552,77800,78588,78840,79628,80396,80664,80916,81688,81952,82728,82976,83764,84012,84800,85052,85840,86608,86864,87128,87900,88152,88952,89188,89976,90748,91016,91788,92044,92812,93076,93332,94112,94368,95148,95408,96188,96444,97224,97468,
1544,780,772,256,784,256,768,272,768,268,260,764,260,780,256,780,772,280,244,780,244,780,784,256,256,780,260,780,772,268,240,784,256,780,772,268,256,780,772,268,244,780,256,780,260,780,256,780,772,268,244,780,256,780,256,784,256,780,256,780,772,268,244,780,256,796,244,780,772,268,768,256,772,268,252,788,248,776,260,776,260,776,248,9512,1548,780,768,256,784,256,772,268,772,268,244,780,256,780,256,784,768,284,244,780,244,780,772,268,256,780,264,772,772,256,264,772,264,776,768,268,252,788,768,256,264,776,248,788,248,788,252,788,768,268,252,772,264,776,248,788,248,788,252,788,768,256,264,772,252,800,236,788,772,268,772,256,768,264,256,780,256,780,260,780,256,780,244,
n,l,l,s,l,s,l,s,l,s,s,l,s,l,s,l,l,s,s,l,s,l,l,s,s,l,s,l,l,s,s,l,s,l,l,s,s,l,l,s,s,l,s,l,s,l,s,l,l,s,s,l,s,l,s,l,s,l,s,l,l,s,s,l,s,l,s,l,l,s,l,s,l,s,s,l,s,l,s,l,s,l,s,p,n,l,l,s,l,s,l,s,l,s,s,l,s,l,s,l,l,s,s,l,s,l,l,s,s,l,s,l,l,s,s,l,s,l,l,s,s,l,l,s,s,l,s,l,s,l,s,l,l,s,s,l,s,l,s,l,s,l,s,l,l,s,s,l,s,l,s,l,l,s,l,s,l,s,s,l,s,l,s,l,s,l,s,
s: 82, 257.12
l: 82, 777.80
===
Dump: 84
1,0,1,0,1,0,1,0,1,0,1,0,1,0,1,0,1,0,1,0,1,0,1,0,1,0,1,0,1,0,1,0,1,0,1,0,1,0,1,0,1,0,1,0,1,0,1,0,1,0,1,0,1,0,1,0,1,0,1,0,1,0,1,0,1,0,1,0,1,0,1,0,1,0,1,0,1,0,1,0,1,0,1,
1552,2332,3100,3360,4144,4400,5172,5424,6212,6480,6724,7504,7760,8540,8796,9576,10348,10616,10860,11656,11896,12676,13448,13716,13976,14756,15012,15792,16564,16820,17076,17856,18112,18892,19664,19932,20188,20968,21740,21996,22252,23032,23288,24072,24328,25108,25364,26144,26916,27184,27428,28208,28464,29244,29504,30284,30540,31320,31564,32344,33116,33384,33640,34420,34676,35472,35716,36496,37268,37524,38292,38560,39332,39600,39844,40624,40880,41664,41920,42700,42956,43736,43992,
1552,780,768,260,784,256,772,252,788,268,244,780,256,780,256,780,772,268,244,796,240,780,772,268,260,780,256,780,772,256,256,780,256,780,772,268,256,780,772,256,256,780,256,784,256,780,256,780,772,268,244,780,256,780,260,780,256,780,244,780,772,268,256,780,256,796,244,780,772,256,768,268,772,268,244,780,256,784,256,780,256,780,256,
n,l,l,s,l,s,l,s,l,s,s,l,s,l,s,l,l,s,s,l,s,l,l,s,s,l,s,l,l,s,s,l,s,l,l,s,s,l,l,s,s,l,s,l,s,l,s,l,l,s,s,l,s,l,s,l,s,l,s,l,l,s,s,l,s,l,s,l,l,s,l,s,l,s,s,l,s,l,s,l,s,l,s,
s: 41, 256.39
l: 41, 778.73
===
Dump: 84
1,0,1,0,1,0,1,0,1,0,1,0,1,0,1,0,1,0,1,0,1,0,1,0,1,0,1,0,1,0,1,0,1,0,1,0,1,0,1,0,1,0,1,0,1,0,1,0,1,0,1,0,1,0,1,0,1,0,1,0,1,0,1,0,1,0,1,0,1,0,1,0,1,0,1,0,1,0,1,0,1,0,1,
1548,2340,3100,3368,4136,4392,5176,5432,6204,6472,6728,7508,7768,8548,8804,9572,10356,10624,10868,11648,11904,12684,13456,13724,13980,14760,15004,15784,16556,16824,17084,17864,18120,18900,19672,19940,20184,20964,21736,22004,22260,23040,23284,24076,24320,25100,25360,26140,26908,27180,27436,28216,28472,29252,29496,30276,30532,31316,31572,32352,33124,33392,33648,34428,34672,35464,35708,36488,37260,37528,38300,38568,39340,39596,39856,40632,40880,41668,41920,42708,42956,43744,43992,
1548,792,760,268,768,256,784,256,772,268,256,780,260,780,256,768,784,268,244,780,256,780,772,268,256,780,244,780,772,268,260,780,256,780,772,268,244,780,772,268,256,780,244,792,244,780,260,780,768,272,256,780,256,780,244,780,256,784,256,780,772,268,256,780,244,792,244,780,772,268,772,268,772,256,260,776,248,788,252,788,248,788,248,
n,l,l,s,l,s,l,s,l,s,s,l,s,l,s,l,l,s,s,l,s,l,l,s,s,l,s,l,l,s,s,l,s,l,l,s,s,l,l,s,s,l,s,l,s,l,s,l,l,s,s,l,s,l,s,l,s,l,s,l,l,s,s,l,s,l,s,l,l,s,l,s,l,s,s,l,s,l,s,l,s,l,s,
s: 41, 256.68
l: 41, 778.54
===
