Dump: 168
1,0,1,0,1,0,1,0,1,0,1,0,1,0,1,0,1,0,1,0,1,0,1,0,1,0,1,0,1,0,1,0,1,0,1,0,1,0,1,0,1,0,1,0,1,0,1,0,1,0,1,0,1,0,1,0,1,0,1,0,1,0,1,0,1,0,1,0,1,0,1,0,1,0,1,0,1,0,1,0,1,0,1,0,1,0,1,0,1,0,1,0,1,0,1,0,1,0,1,0,1,0,1,0,1,0,1,0,1,0,1,0,1,0,1,0,1,0,1,0,1,0,1,0,1,0,1,0,1,0,1,0,1,0,1,0,1,0,1,0,1,0,1,0,1,0,1,0,1,0,1,0,1,0,1,0,1,0,1,0,1,0,1,0,1,0,1,
1548,2328,3100,3352,4140,4392,5164,5432,6204,6472,6724,7496,7760,8536,8796,9572,10344,10624,10860,11648,11896,12672,13444,13712,13976,14748,15000,15788,16556,16824,17076,17848,18112,18888,19656,19928,20176,20964,21736,21988,22252,23028,23288,24064,24312,25100,25352,26140,26908,27180,27428,28208,28464,29248,29488,30268,30528,31308,31564,32344,33124,33384,33640,34420,35188,35460,35704,36484,37264,37524,38288,38564,39328,39592,39848,40628,40884,41664,41920,42704,42960,43740,43984,53492,55032,55820,56592,56844,57616,57884,58656,58912,59696,59956,60216,60996,61252,62020,62276,63056,63836,64108,64352,65132,65388,66172,66936,67208,67452,68232,68492,69272,70048,70312,70568,71348,71604,72384,73152,73412,73668,74448,75228,75488,75744,76524,76768,77548,77808,78588,78844,79624,80404,80664,80920,81700,81944,82740,82980,83764,84020,84800,85056,85836,86608,86876,87132,87912,88684,88952,89196,89976,90748,91016,91788,92044,92816,93084,93340,94120,94376,95156,95400,96180,96436,97220,97476,
1548,780,772,252,788,252,772,268,772,268,252,772,264,776,260,776,772,280,236,788,248,776,772,268,264,772,252,788,768,268,252,772,264,776,768,272,248,788,772,252,264,776,260,776,248,788,252,788,768,272,248,780,256,784,240,780,260,780,256,780,780,260,256,780,768,272,244,780,780,260,764,276,764,264,256,780,256,780,256,784,256,780,244,9508,1540,788,772,252,772,268,772,256,784,260,260,780,256,768,256,780,780,272,244,780,256,784,764,272,244,780,260,780,776,264,256,780,256,780,768,260,256,780,780,260,256,780,244,780,260,780,256,780,780,260,256,780,244,796,240,784,256,780,256,780,772,268,256,780,772,268,244,780,772,268,772,256,772,268,256,780,256,780,244,780,256,784,256,
n,l,l,s,l,s,l,s,l,s,s,l,s,l,s,l,l,s,s,l,s,l,l,s,s,l,s,l,l,s,s,l,s,l,l,s,s,l,l,s,s,l,s,l,s,l,s,l,l,s,s,l,s,l,s,l,s,l,s,l,l,s,s,l,l,s,s,l,l,s,l,s,l,s,s,l,s,l,s,l,s,l,s,p,n,l,l,s,l,s,l,s,l,s,s,l,s,l,s,l,l,s,s,l,s,l,l,s,s,l,s,l,l,s,s,l,s,l,l,s,s,l,l,s,s,l,s,l,s,l,s,l,l,s,s,l,s,l,s,l,s,l,s,l,l,s,s,l,l,s,s,l,l,s,l,s,l,s,s,l,s,l,s,l,s,l,s,
s: 82, 257.41
l: 82, 777.71
===
Dump: 84
1,0,1,0,1,0,1,0,1,0,1,0,1,0,1,0,1,0,1,0,1,0,1,0,1,0,1,0,1,0,1,0,1,0,1,0,1,0,1,0,1,0,1,0,1,0,1,0,1,0,1,0,1,0,1,0,1,0,1,0,1,0,1,0,1,0,1,0,1,0,1,0,1,0,1,0,1,0,1,0,1,0,1,
1544,2336,3096,3364,4136,4392,5176,5432,6200,6468,6728,7508,7764,8544,8800,9568,10352,10620,10864,11644,11900,12684,13452,13724,13980,14760,15004,15784,16556,16824,17080,17860,18116,18896,19668,19936,20180,20960,21732,22000,22256,23040,23280,24076,24320,25100,25356,26136,26908,27176,27432,28212,28468,29252,29492,30276,30532,31312,31568,32348,33120,33388,33644,34428,35196,35464,35708,36488,37260,37528,38300,38568,39328,39596,39852,40632,40888,41668,41928,42708,42952,43744,43988,
1544,792,760,268,772,256,784,256,768,268,260,780,256,780,256,768,784,268,244,780,256,784,768,272,256,780,244,780,772,268,256,780,256,780,772,268,244,780,772,268,256,784,240,796,244,780,256,780,772,268,256,780,256,784,240,784,256,780,256,780,772,268,256,784,768,268,244,780,772,268,772,268,760,268,256,780,256,780,260,780,244,792,244,
n,l,l,s,l,s,l,s,l,s,s,l,s,l,s,l,l,s,s,l,s,l,l,s,s,l,s,l,l,s,s,l,s,l,l,s,s,l,l,s,s,l,s,l,s,l,s,l,l,s,s,l,s,l,s,l,s,l,s,l,l,s,s,l,l,s,s,l,l,s,l,s,l,s,s,l,s,l,s,l,s,l,s,
s: 41, 257.27
l: 41, 777.95
===
Dump: 84
1,0,1,0,1,0,1,0,1,0,1,0,1,0,1,0,1,0,1,0,1,0,1,0,1,0,1,0,1,0,1,0,1,0,1,0,1,0,1,0,1,0,1,0,1,0,1,0,1,0,1,0,1,0,1,0,1,0,1,0,1,0,1,0,1,0,1,0,1,0,1,0,1,0,1,0,1,0,1,0,1,0,1,
1540,2332,3100,3360,4140,4388,5164,5424,6204,6464,6724,7504,7760,8528,8796,9564,10344,10616,10860,11640,11896,12680,13444,13716,13960,14756,15000,15780,16556,16820,17076,17856,18112,18892,19664,19932,20176,20956,21728,21996,22252,23032,23276,24072,24312,25096,25352,26132,26904,27172,27428,28208,28464,29244,29488,30268,30528,31308,31564,32344,33116,33384,33640,34420,35192,35460,35704,36484,37256,37524,38296,38564,39320,39592,39848,40628,40884,41664,41908,42704,42944,43724,43984,
1540,792,768,260,780,248,776,260,780,260,260,780,256,768,268,768,780,272,244,780,256,784,764,272,244,796,244,780,776,264,256,780,256,780,772,268,244,780,772,268,256,780,244,796,240,784,256,780,772,268,256,780,256,780,244,780,260,780,256,780,772,268,256,780,772,268,244,780,772,268,772,268,756,272,256,780,256,780,244,796,240,780,260,
n,l,l,s,l,s,l,s,l,s,s,l,s,l,s,l,l,s,s,l,s,l,l,s,s,l,s,l,l,s,s,l,s,l,l,s,s,l,l,s,s,l,s,l,s,l,s,l,l,s,s,l,s,l,s,l,s,l,s,l,l,s,s,l,l,s,s,l,l,s,l,s,l,s,s,l,s,l,s,l,s,l,s,
s: 41, 256.98
l: 41, 778.24
===
