Dump: 252
1,0,1,0,1,0,1,0,1,0,1,0,1,0,1,0,1,0,1,0,1,0,1,0,1,0,1,0,1,0,1,0,1,0,1,0,1,0,1,0,1,0,1,0,1,0,1,0,1,0,1,0,1,0,1,0,1,0,1,0,1,0,1,0,1,0,1,0,1,0,1,0,1,0,1,0,1,0,1,0,1,0,1,0,1,0,1,0,1,0,1,0,1,0,1,0,1,0,1,0,1,0,1,0,1,0,1,0,1,0,1,0,1,0,1,0,1,0,1,0,1,0,1,0,1,0,1,0,1,0,1,0,1,0,1,0,1,0,1,0,1,0,1,0,1,0,1,0,1,0,1,0,1,0,1,0,1,0,1,0,1,0,1,0,1,0,1,0,1,0,1,0,1,0,1,0,1,0,1,0,1,0,1,0,1,0,1,0,1,0,1,0,1,0,1,0,1,0,1,0,1,0,1,0,1,0,1,0,1,0,1,0,1,0,1,0,1,0,1,0,1,0,1,0,1,0,1,0,1,0,1,0,1,0,1,0,1,0,1,0,1,0,1,0,1,0,1,0,1,0,1,
1544,2336,3104,3368,4140,4404,5176,5440,6224,6484,6740,7516,7772,8552,8816,9596,10364,10640,10880,11672,11928,12704,13476,13752,14004,14784,15036,15816,16588,16864,17116,17896,18148,18940,19712,19976,20228,21008,21780,22044,22308,23088,23340,24120,24372,25164,25424,26196,26968,27244,27488,28276,29048,29312,29568,30344,31124,31388,31636,32420,32680,33468,33712,34500,34756,35544,35788,36576,37344,37608,38380,38644,39428,39692,39936,40724,40984,41756,42016,42800,43060,43832,44092,53612,55164,55952,56724,56988,57756,58020,58804,59056,59840,60104,60348,61136,61396,62168,62428,63212,63984,64260,64504,65292,65536,66324,67096,67372,67616,68404,68660,69436,70220,70476,70728,71520,71772,72552,73328,73600,73852,74632,75408,75668,75920,76712,76964,77744,77996,78776,79040,79820,80584,80856,81108,81900,82664,82936,83188,83968,84744,85012,85264,86044,86296,87076,87332,88124,88376,89168,89408,90200,90968,91232,92004,92268,93040,93304,93556,94348,94600,95380,95632,96424,96676,97456,97708,107232,108784,109576,110340,110612,111388,111644,112424,112680,113456,113728,113980,114760,115012,115792,116056,116836,117608,117884,118124,118916,119168,119948,120720,120984,121248,122028,122280,123060,123832,124092,124348,125140,125392,126172,126940,127216,127472,128248,129020,129284,129536,130328,130580,131360,131612,132392,132660,133440,134208,134484,134724,135516,136288,136552,136804,137584,138368,138632,138884,139664,139916,140708,140960,141740,141992,142784,143036,143816,144588,144852,145624,145888,146668,146932,147184,147964,148216,148996,149252,150044,150296,151076,151328,
1544,792,768,264,772,264,772,264,784,260,256,776,256,780,264,780,768,276,240,792,256,776,772,276,252,780,252,780,772,276,252,780,252,792,772,264,252,780,772,264,264,780,252,780,252,792,260,772,772,276,244,788,772,264,256,776,780,264,248,784,260,788,244,788,256,788,244,788,768,264,772,264,784,264,244,788,260,772,260,784,260,772,260,9520,1552,788,772,264,768,264,784,252,784,264,244,788,260,772,260,784,772,276,244,788,244,788,772,276,244,788,256,776,784,256,252,792,252,780,776,272,252,780,776,260,252,792,252,780,252,780,264,780,764,272,252,792,764,272,252,780,776,268,252,780,252,780,256,792,252,792,240,792,768,264,772,264,772,264,252,792,252,780,252,792,252,780,252,9524,1552,792,764,272,776,256,780,256,776,272,252,780,252,780,264,780,772,276,240,792,252,780,772,264,264,780,252,780,772,260,256,792,252,780,768,276,256,776,772,264,252,792,252,780,252,780,268,780,768,276,240,792,772,264,252,780,784,264,252,780,252,792,252,780,252,792,252,780,772,264,772,264,780,264,252,780,252,780,256,792,252,780,252,
n,l,l,s,l,s,l,s,l,s,s,l,s,l,s,l,l,s,s,l,s,l,l,s,s,l,s,l,l,s,s,l,s,l,l,s,s,l,l,s,s,l,s,l,s,l,s,l,l,s,s,l,l,s,s,l,l,s,s,l,s,l,s,l,s,l,s,l,l,s,l,s,l,s,s,l,s,l,s,l,s,l,s,p,n,l,l,s,l,s,l,s,l,s,s,l,s,l,s,l,l,s,s,l,s,l,l,s,s,l,s,l,l,s,s,l,s,l,l,s,s,l,l,s,s,l,s,l,s,l,s,l,l,s,s,l,l,s,s,l,l,s,s,l,s,l,s,l,s,l,s,l,l,s,l,s,l,s,s,l,s,l,s,l,s,l,s,p,n,l,l,s,l,s,l,s,l,s,s,l,s,l,s,l,l,s,s,l,s,l,l,s,s,l,s,l,l,s,s,l,s,l,l,s,s,l,l,s,s,l,s,l,s,l,s,l,l,s,s,l,l,s,s,l,l,s,s,l,s,l,s,l,s,l,s,l,l,s,l,s,l,s,s,l,s,l,s,l,s,l,s,
s: 123, 257.76
l: 123, 779.93
===
Dump: 84
1,0,1,0,1,0,1,0,1,0,1,0,1,0,1,0,1,0,1,0,1,0,1,0,1,0,1,0,1,0,1,0,1,0,1,0,1,0,1,0,1,0,1,0,1,0,1,0,1,0,1,0,1,0,1,0,1,0,1,0,1,0,1,0,1,0,1,0,1,0,1,0,1,0,1,0,1,0,1,0,1,0,1,
1552,2344,3116,3368,4148,4412,5184,5448,6220,6484,6748,7528,7780,8560,8812,9592,10376,10652,10892,11672,11924,12716,13488,13752,14004,14784,15048,15828,16600,16864,17116,17896,18160,18940,19712,19972,20228,21020,21788,22052,22304,23084,23336,24128,24384,25160,25416,26208,26976,27240,27492,28272,29056,29320,29572,30352,31124,31388,31640,32432,32684,33464,33716,34508,34760,35552,35792,36584,37356,37620,38392,38656,39424,39688,39940,40732,40988,41768,42024,42800,43056,43844,44088,
1552,792,772,252,780,264,772,264,772,264,264,780,252,780,252,780,784,276,240,780,252,792,772,264,252,780,264,780,772,264,252,780,264,780,772,260,256,792,768,264,252,780,252,792,256,776,256,792,768,264,252,780,784,264,252,780,772,264,252,792,252,780,252,792,252,792,240,792,772,264,772,264,768,264,252,792,256,780,256,776,256,788,244,
n,l,l,s,l,s,l,s,l,s,s,l,s,l,s,l,l,s,s,l,s,l,l,s,s,l,s,l,l,s,s,l,s,l,l,s,s,l,l,s,s,l,s,l,s,l,s,l,l,s,s,l,l,s,s,l,l,s,s,l,s,l,s,l,s,l,s,l,l,s,l,s,l,s,s,l,s,l,s,l,s,l,s,
s: 41, 256.98
l: 41, 780.49
===
Dump: 168
1,0,1,0,1,0,1,0,1,0,1,0,1,0,1,0,1,0,1,0,1,0,1,0,1,0,1,0,1,0,1,0,1,0,1,0,1,0,1,0,1,0,1,0,1,0,1,0,1,0,1,0,1,0,1,0,1,0,1,0,1,0,1,0,1,0,1,0,1,0,1,0,1,0,1,0,1,0,1,0,1,0,1,0,1,0,1,0,1,0,1,0,1,0,1,0,1,0,1,0,1,0,1,0,1,0,1,0,1,0,1,0,1,0,1,0,1,0,1,0,1,0,1,0,1,0,1,0,1,0,1,0,1,0,1,0,1,0,1,0,1,0,1,0,1,0,1,0,1,0,1,0,1,0,1,0,1,0,1,0,1,0,1,0,1,0,1,
1544,2336,3108,3368,4140,4404,5176,5440,6224,6488,6732,7520,7776,8552,8808,9596,10368,10644,10888,11676,11920,12708,13476,13740,14000,14784,15032,15816,16588,16852,17112,17896,18156,18928,19700,19976,20224,21008,21780,22044,22304,23096,23336,24128,24380,25160,25412,26192,26968,27236,27492,28268,29048,29304,29556,30348,31116,31384,31636,32428,32680,33460,33712,34492,34756,35548,35788,36568,37348,37616,38380,38652,39428,39688,39940,40720,40984,41764,42016,42796,43048,43840,44092,53616,55168,55960,56724,56980,57760,58016,58804,59064,59840,60096,60352,61132,61396,62176,62428,63208,63984,64268,64508,65288,65540,66332,67096,67364,67620,68412,68664,69444,70212,70476,70728,71520,71776,72552,73324,73588,73852,74632,75404,75668,75920,76700,76964,77744,77996,78776,79028,79820,80592,80856,81108,81888,82672,82936,83188,83968,84740,85016,85268,86048,86300,87080,87332,88124,88376,89168,89408,90200,90972,91236,92004,92268,93040,93304,93556,94348,94600,95380,95632,96424,96676,97456,97708,
1544,792,772,260,772,264,772,264,784,264,244,788,256,776,256,788,772,276,244,788,244,788,768,264,260,784,248,784,772,264,260,784,260,772,772,276,248,784,772,264,260,792,240,792,252,780,252,780,776,268,256,776,780,256,252,792,768,268,252,792,252,780,252,780,264,792,240,780,780,268,764,272,776,260,252,780,264,780,252,780,252,792,252,9524,1552,792,764,256,780,256,788,260,776,256,256,780,264,780,252,780,776,284,240,780,252,792,764,268,256,792,252,780,768,264,252,792,256,776,772,264,264,780,772,264,252,780,264,780,252,780,252,792,772,264,252,780,784,264,252,780,772,276,252,780,252,780,252,792,252,792,240,792,772,264,768,264,772,264,252,792,252,780,252,792,252,780,252,
n,l,l,s,l,s,l,s,l,s,s,l,s,l,s,l,l,s,s,l,s,l,l,s,s,l,s,l,l,s,s,l,s,l,l,s,s,l,l,s,s,l,s,l,s,l,s,l,l,s,s,l,l,s,s,l,l,s,s,l,s,l,s,l,s,l,s,l,l,s,l,s,l,s,s,l,s,l,s,l,s,l,s,p,n,l,l,s,l,s,l,s,l,s,s,l,s,l,s,l,l,s,s,l,s,l,l,s,s,l,s,l,l,s,s,l,s,l,l,s,s,l,l,s,s,l,s,l,s,l,s,l,l,s,s,l,l,s,s,l,l,s,s,l,s,l,s,l,s,l,s,l,l,s,l,s,l,s,s,l,s,l,s,l,s,l,s,
s: 82, 257.27
l: 82, 780.39
===
Dump: 84
1,0,1,0,1,0,1,0,1,0,1,0,1,0,1,0,1,0,1,0,1,0,1,0,1,0,1,0,1,0,1,0,1,0,1,0,1,0,1,0,1,0,1,0,1,0,1,0,1,0,1,0,1,0,1,0,1,0,1,0,1,0,1,0,1,0,1,0,1,0,1,0,1,0,1,0,1,0,1,0,1,0,1,
1552,2340,3108,3372,4144,4408,5192,5444,6228,6488,6748,7520,7780,8552,8812,9600,10368,10644,10892,11676,11936,12708,13480,13764,14004,14796,15048,15828,16604,16864,17116,17908,18160,18940,19716,19988,20240,21020,21796,22052,22304,23096,23352,24128,24384,25160,25428,26208,26984,27240,27492,28284,29052,29320,29572,30352,31132,31400,31652,32432,32684,33464,33716,34508,34760,35552,35804,36584,37356,37620,38392,38656,39424,39688,39956,40732,40988,41768,42020,42812,43064,43844,44096,
1552,788,768,264,772,264,784,252,784,260,260,772,260,772,260,788,768,276,248,784,260,772,772,284,240,792,252,780,776,260,252,792,252,780,776,272,252,780,776,256,252,792,256,776,256,776,268,780,776,256,252,792,768,268,252,780,780,268,252,780,252,780,252,792,252,792,252,780,772,264,772,264,768,264,268,776,256,780,252,792,252,780,252,
n,l,l,s,l,s,l,s,l,s,s,l,s,l,s,l,l,s,s,l,s,l,l,s,s,l,s,l,l,s,s,l,s,l,l,s,s,l,l,s,s,l,s,l,s,l,s,l,l,s,s,l,l,s,s,l,l,s,s,l,s,l,s,l,s,l,s,l,l,s,l,s,l,s,s,l,s,l,s,l,s,l,s,
s: 41, 258.15
l: 41, 779.51
===