Dump: 84
1,0,1,0,1,0,1,0,1,0,1,0,1,0,1,0,1,0,1,0,1,0,1,0,1,0,1,0,1,0,1,0,1,0,1,0,1,0,1,0,1,0,1,0,1,0,1,0,1,0,1,0,1,0,1,0,1,0,1,0,1,0,1,0,1,0,1,0,1,0,1,0,1,0,1,0,1,0,1,0,1,0,1,
1536,2324,3096,3352,4136,4392,5160,5436,6200,6464,6720,7500,8264,8528,8784,9564,9820,10616,10856,11640,11896,12676,13440,13716,13960,14752,14996,15776,16556,16816,17072,17852,18112,18892,19656,19932,20172,20956,21732,21996,22252,23032,23276,24068,24312,25092,25348,26128,26908,27168,27424,28208,28448,29244,29488,30268,30524,31304,31560,32344,32600,33380,33636,34416,35188,35456,36212,36484,37252,37524,37780,38560,39332,39588,39844,40624,40880,41660,41916,42700,42940,43736,43980,
1536,788,772,256,784,256,768,276,764,264,256,780,764,264,256,780,256,796,240,784,256,780,764,276,244,792,244,780,780,260,256,780,260,780,764,276,240,784,776,264,256,780,244,792,244,780,256,780,780,260,256,784,240,796,244,780,256,780,256,784,256,780,256,780,772,268,756,272,768,272,256,780,772,256,256,780,256,780,256,784,240,796,244,
n,l,l,s,l,s,l,s,l,s,s,l,l,s,s,l,s,l,s,l,s,l,l,s,s,l,s,l,l,s,s,l,s,l,l,s,s,l,l,s,s,l,s,l,s,l,s,l,l,s,s,l,s,l,s,l,s,l,s,l,s,l,s,l,l,s,l,s,l,s,s,l,l,s,s,l,s,l,s,l,s,l,s,
s: 41, 256.10
l: 41, 779.12
===
Dump: 84
1,0,1,0,1,0,1,0,1,0,1,0,1,0,1,0,1,0,1,0,1,0,1,0,1,0,1,0,1,0,1,0,1,0,1,0,1,0,1,0,1,0,1,0,1,0,1,0,1,0,1,0,1,0,1,0,1,0,1,0,1,0,1,0,1,0,1,0,1,0,1,0,1,0,1,0,1,0,1,0,1,0,1,
1544,2340,3096,3364,4136,4392,5176,5432,6200,6472,6728,7508,8280,8532,8796,9572,9832,10620,10856,11644,11896,12684,13452,13708,13972,14744,15008,15784,16556,16824,17072,17860,18108,18896,19668,19924,20188,20960,21732,22000,22248,23036,23288,24060,24324,25100,25360,26136,26908,27176,27424,28212,28464,29236,29500,30276,30536,31316,31560,32356,32596,33380,33636,34416,35196,35468,36220,36496,37260,37520,37776,38560,39336,39600,39840,40636,40880,41672,41916,42696,42952,43732,43992,
1544,796,756,268,772,256,784,256,768,272,256,780,772,252,264,776,260,788,236,788,252,788,768,256,264,772,264,776,772,268,248,788,248,788,772,256,264,772,772,268,248,788,252,772,264,776,260,776,772,268,248,788,252,772,264,776,260,780,244,796,240,784,256,780,780,272,752,276,764,260,256,784,776,264,240,796,244,792,244,780,256,780,260,
n,l,l,s,l,s,l,s,l,s,s,l,l,s,s,l,s,l,s,l,s,l,l,s,s,l,s,l,l,s,s,l,s,l,l,s,s,l,l,s,s,l,s,l,s,l,s,l,l,s,s,l,s,l,s,l,s,l,s,l,s,l,s,l,l,s,l,s,l,s,s,l,l,s,s,l,s,l,s,l,s,l,s,
s: 41, 256.98
l: 41, 778.34
===
Dump: 84
1,0,1,0,1,0,1,0,1,0,1,0,1,0,1,0,1,0,1,0,1,0,1,0,1,0,1,0,1,0,1,0,1,0,1,0,1,0,1,0,1,0,1,0,1,0,1,0,1,0,1,0,1,0,1,0,1,0,1,0,1,0,1,0,1,0,1,0,1,0,1,0,1,0,1,0,1,0,1,0,1,0,1,
1544,2336,3096,3364,4136,4392,5176,5432,6200,6472,6720,7508,8280,8532,8796,9572,9832,10620,10872,11644,11896,12684,13452,13724,13972,14748,15008,15784,16556,16824,17072,17860,18108,18896,19668,19936,20188,20960,21732,22000,22248,23036,23288,24076,24324,25100,25360,26136,26908,27180,27424,28204,28464,29244,29500,30280,30536,31316,31576,32356,32600,33380,33636,34416,35196,35468,36220,36496,37260,37520,37780,38560,39336,39600,39856,40636,40892,41672,41916,42696,42952,43736,43992,
1544,792,760,268,772,256,784,256,768,272,248,788,772,252,264,776,260,788,252,772,252,788,768,272,248,776,260,776,772,268,248,788,248,788,772,268,252,772,772,268,248,788,252,788,248,776,260,776,772,272,244,780,260,780,256,780,256,780,260,780,244,780,256,780,780,272,752,276,764,260,260,780,776,264,256,780,256,780,244,780,256,784,256,
n,l,l,s,l,s,l,s,l,s,s,l,l,s,s,l,s,l,s,l,s,l,l,s,s,l,s,l,l,s,s,l,s,l,l,s,s,l,l,s,s,l,s,l,s,l,s,l,l,s,s,l,s,l,s,l,s,l,s,l,s,l,s,l,l,s,l,s,l,s,s,l,l,s,s,l,s,l,s,l,s,l,s,
s: 41, 257.76
l: 41, 777.56
===
