Dump: 168
1,0,1,0,1,0,1,0,1,0,1,0,1,0,1,0,1,0,1,0,1,0,1,0,1,0,1,0,1,0,1,0,1,0,1,0,1,0,1,0,1,0,1,0,1,0,1,0,1,0,1,0,1,0,1,0,1,0,1,0,1,0,1,0,1,0,1,0,1,0,1,0,1,0,1,0,1,0,1,0,1,0,1,0,1,0,1,0,1,0,1,0,1,0,1,0,1,0,1,0,1,0,1,0,1,0,1,0,1,0,1,0,1,0,1,0,1,0,1,0,1,0,1,0,1,0,1,0,1,0,1,0,1,0,1,0,1,0,1,0,1,0,1,0,1,0,1,0,1,0,1,0,1,0,1,0,1,0,1,0,1,0,1,0,1,0,1,
1544,2324,3096,3352,4136,4392,5164,5432,6204,6472,6716,7496,7752,8532,9304,9572,9828,10608,10852,11648,11888,12672,13440,13708,13968,14748,15004,15784,16556,16812,17068,17848,18112,18884,19656,19924,20172,20948,21720,21988,22236,23024,23276,24064,24312,25088,25348,26124,26896,27164,27412,28200,28972,29228,29996,30268,30516,31304,31552,32340,33112,33368,33632,34404,34652,35456,36212,36480,36732,37504,38276,38544,39316,39584,39832,40620,40872,41644,41908,42688,42932,43712,43968,53464,55020,55808,56564,56832,57604,57860,58644,58900,59668,59940,60188,60964,61224,62000,62784,63040,63288,64088,64324,65112,65364,66152,66920,67176,67440,68216,68464,69252,70024,70292,70540,71316,71576,72352,73124,73392,73640,74436,75200,75460,75720,76500,76744,77524,77780,78560,78816,79596,80376,80636,80880,81676,82440,82700,83480,83740,83996,84776,85020,85800,86580,86840,87096,87880,88136,88916,89680,89956,90200,90980,91756,92020,92784,93060,93300,94084,94340,95120,95376,96156,96412,97196,97452,
1544,780,772,256,784,256,772,268,772,268,244,780,256,780,772,268,256,780,244,796,240,784,768,268,260,780,256,780,772,256,256,780,264,772,772,268,248,776,772,268,248,788,252,788,248,776,260,776,772,268,248,788,772,256,768,272,248,788,248,788,772,256,264,772,248,804,756,268,252,772,772,268,772,268,248,788,252,772,264,780,244,780,256,9496,1556,788,756,268,772,256,784,256,768,272,248,776,260,776,784,256,248,800,236,788,252,788,768,256,264,776,248,788,772,268,248,776,260,776,772,268,248,796,764,260,260,780,244,780,256,780,256,780,780,260,244,796,764,260,780,260,256,780,244,780,780,260,256,784,256,780,764,276,244,780,776,264,764,276,240,784,256,780,256,780,256,784,256,
n,l,l,s,l,s,l,s,l,s,s,l,s,l,l,s,s,l,s,l,s,l,l,s,s,l,s,l,l,s,s,l,s,l,l,s,s,l,l,s,s,l,s,l,s,l,s,l,l,s,s,l,l,s,l,s,s,l,s,l,l,s,s,l,s,l,l,s,s,l,l,s,l,s,s,l,s,l,s,l,s,l,s,p,n,l,l,s,l,s,l,s,l,s,s,l,s,l,l,s,s,l,s,l,s,l,l,s,s,l,s,l,l,s,s,l,s,l,l,s,s,l,l,s,s,l,s,l,s,l,s,l,l,s,s,l,l,s,l,s,s,l,s,l,l,s,s,l,s,l,l,s,s,l,l,s,l,s,s,l,s,l,s,l,s,l,s,
s: 82, 256.63
l: 82, 778.20
===
Dump: 84
1,0,1,0,1,0,1,0,1,0,1,0,1,0,1,0,1,0,1,0,1,0,1,0,1,0,1,0,1,0,1,0,1,0,1,0,1,0,1,0,1,0,1,0,1,0,1,0,1,0,1,0,1,0,1,0,1,0,1,0,1,0,1,0,1,0,1,0,1,0,1,0,1,0,1,0,1,0,1,0,1,0,1,
1552,2332,3096,3360,4136,4396,5176,5424,6204,6476,6720,7500,7756,8540,9304,9564,9820,10616,10860,11640,11896,12676,13440,13716,13972,14752,14996,15776,16556,16816,17072,17856,18112,18892,19664,19916,20176,20956,21724,21996,22252,23032,23276,24056,24312,25092,25348,26132,26900,27168,27412,28192,28964,29232,30004,30272,30528,31312,31552,32336,33104,33372,33632,34412,34668,35448,36220,36476,36732,37512,38284,38552,39324,39592,39836,40616,40872,41652,41908,42688,42948,43728,43972,
1552,780,764,264,776,260,780,248,780,272,244,780,256,784,764,260,256,796,244,780,256,780,764,276,256,780,244,780,780,260,256,784,256,780,772,252,260,780,768,272,256,780,244,780,256,780,256,784,768,268,244,780,772,268,772,268,256,784,240,784,768,268,260,780,256,780,772,256,256,780,772,268,772,268,244,780,256,780,256,780,260,780,244,
n,l,l,s,l,s,l,s,l,s,s,l,s,l,l,s,s,l,s,l,s,l,l,s,s,l,s,l,l,s,s,l,s,l,l,s,s,l,l,s,s,l,s,l,s,l,s,l,l,s,s,l,l,s,l,s,s,l,s,l,l,s,s,l,s,l,l,s,s,l,l,s,l,s,s,l,s,l,s,l,s,l,s,
s: 41, 257.07
l: 41, 777.56
===
Dump: 168
1,0,1,0,1,0,1,0,1,0,1,0,1,0,1,0,1,0,1,0,1,0,1,0,1,0,1,0,1,0,1,0,1,0,1,0,1,0,1,0,1,0,1,0,1,0,1,0,1,0,1,0,1,0,1,0,1,0,1,0,1,0,1,0,1,0,1,0,1,0,1,0,1,0,1,0,1,0,1,0,1,0,1,0,1,0,1,0,1,0,1,0,1,0,1,0,1,0,1,0,1,0,1,0,1,0,1,0,1,0,1,0,1,0,1,0,1,0,1,0,1,0,1,0,1,0,1,0,1,0,1,0,1,0,1,0,1,0,1,0,1,0,1,0,1,0,1,0,1,0,1,0,1,0,1,0,1,0,1,0,1,0,1,0,1,0,1,
1544,2340,3096,3368,4136,4392,5176,5432,6204,6472,6728,7496,7764,8532,9316,9572,9828,10624,10868,11648,11904,12684,13456,13712,13972,14748,14996,15784,16556,16824,17076,17848,18112,18884,19656,19924,20176,20964,21736,21988,22252,23028,23276,24064,24312,25100,25352,26140,26908,27164,27428,28204,28972,29240,30012,30268,30532,31304,31556,32344,33112,33384,33632,34404,34668,35456,36216,36484,36732,37528,38292,38552,39316,39592,39836,40616,40872,41652,41908,42692,42948,43728,43984,53480,55020,55808,56580,56836,57604,57872,58644,58900,59684,59940,60204,60976,61228,62016,62784,63040,63304,64092,64340,65116,65364,66152,66924,67192,67444,68216,68480,69252,70024,70300,70544,71324,71580,72360,73124,73400,73656,74436,75204,75464,75720,76500,76756,77540,77780,78564,78820,79600,80376,80640,80896,81676,82440,82704,83480,83744,84000,84780,85036,85816,86584,86844,87100,87880,88136,88932,89684,89960,90200,90996,91760,92020,92800,93060,93316,94100,94340,95124,95380,96160,96416,97196,97452,
1544,796,756,272,768,256,784,256,772,268,256,768,268,768,784,256,256,796,244,780,256,780,772,256,260,776,248,788,772,268,252,772,264,772,772,268,252,788,772,252,264,776,248,788,248,788,252,788,768,256,264,776,768,268,772,256,264,772,252,788,768,272,248,772,264,788,760,268,248,796,764,260,764,276,244,780,256,780,256,784,256,780,256,9496,1540,788,772,256,768,268,772,256,784,256,264,772,252,788,768,256,264,788,248,776,248,788,772,268,252,772,264,772,772,276,244,780,256,780,764,276,256,780,768,260,256,780,256,784,240,784,256,780,776,264,256,780,764,264,776,264,256,780,256,780,768,260,256,780,256,796,752,276,240,796,764,260,780,260,256,784,240,784,256,780,256,780,256,
n,l,l,s,l,s,l,s,l,s,s,l,s,l,l,s,s,l,s,l,s,l,l,s,s,l,s,l,l,s,s,l,s,l,l,s,s,l,l,s,s,l,s,l,s,l,s,l,l,s,s,l,l,s,l,s,s,l,s,l,l,s,s,l,s,l,l,s,s,l,l,s,l,s,s,l,s,l,s,l,s,l,s,p,n,l,l,s,l,s,l,s,l,s,s,l,s,l,l,s,s,l,s,l,s,l,l,s,s,l,s,l,l,s,s,l,s,l,l,s,s,l,l,s,s,l,s,l,s,l,s,l,l,s,s,l,l,s,l,s,s,l,s,l,l,s,s,l,s,l,l,s,s,l,l,s,l,s,s,l,s,l,s,l,s,l,s,
s: 82, 257.85
l: 82, 777.17
===
Dump: 84
1,0,1,0,1,0,1,0,1,0,1,0,1,0,1,0,1,0,1,0,1,0,1,0,1,0,1,0,1,0,1,0,1,0,1,0,1,0,1,0,1,0,1,0,1,0,1,0,1,0,1,0,1,0,1,0,1,0,1,0,1,0,1,0,1,0,1,0,1,0,1,0,1,0,1,0,1,0,1,0,1,0,1,
1548,2328,3100,3352,4140,4392,5164,5432,6204,6472,6716,7496,7752,8532,9304,9560,9832,10612,10852,11636,11892,12672,13444,13712,13968,14748,14992,15772,16556,16812,17068,17848,18108,18888,19660,19928,20168,20952,21720,21992,22248,23028,23272,24064,24308,25088,25344,26124,26896,27164,27424,28204,28972,29228,30000,30268,30532,31304,31556,32344,33116,33368,33620,34408,34656,35456,36216,36484,36732,37508,38280,38548,39320,39588,39836,40624,40872,41648,41912,42684,42936,43724,43972,
1548,780,772,252,788,252,772,268,772,268,244,780,256,780,772,256,272,780,240,784,256,780,772,268,256,780,244,780,784,256,256,780,260,780,772,268,240,784,768,272,256,780,244,792,244,780,256,780,772,268,260,780,768,256,772,268,264,772,252,788,772,252,252,788,248,800,760,268,248,776,772,268,772,268,248,788,248,776,264,772,252,788,248,
n,l,l,s,l,s,l,s,l,s,s,l,s,l,l,s,s,l,s,l,s,l,l,s,s,l,s,l,l,s,s,l,s,l,l,s,s,l,l,s,s,l,s,l,s,l,s,l,l,s,s,l,l,s,l,s,s,l,s,l,l,s,s,l,s,l,l,s,s,l,l,s,l,s,s,l,s,l,s,l,s,l,s,
s: 41, 256.49
l: 41, 778.24
===
