Dump: 168
1,0,1,0,1,0,1,0,1,0,1,0,1,0,1,0,1,0,1,0,1,0,1,0,1,0,1,0,1,0,1,0,1,0,1,0,1,0,1,0,1,0,1,0,1,0,1,0,1,0,1,0,1,0,1,0,1,0,1,0,1,0,1,0,1,0,1,0,1,0,1,0,1,0,1,0,1,0,1,0,1,0,1,0,1,0,1,0,1,0,1,0,1,0,1,0,1,0,1,0,1,0,1,0,1,0,1,0,1,0,1,0,1,0,1,0,1,0,1,0,1,0,1,0,1,0,1,0,1,0,1,0,1,0,1,0,1,0,1,0,1,0,1,0,1,0,1,0,1,0,1,0,1,0,1,0,1,0,1,0,1,0,1,0,1,0,1,
1552,2328,3096,3364,4136,4392,5164,5432,6204,6472,6720,7496,7760,8532,9304,9580,9820,10616,10860,11640,11896,12676,13440,13704,13960,14740,14996,15776,16544,16816,17060,17840,18096,18880,19644,19916,20160,20940,21720,21980,22236,23020,23260,24044,24300,25080,25336,26116,26896,27156,27400,28180,28436,29220,29476,30256,30512,31292,32060,32320,32576,33356,34120,34396,34652,35432,36204,36460,36716,37496,38268,38524,39296,39564,39820,40600,40856,41640,41880,42664,42920,43700,43956,53452,54992,55784,56552,56812,57576,57840,58616,58880,59656,59916,60160,60940,61200,61980,62756,63020,63260,64056,64300,65080,65336,66116,66896,67156,67412,68192,68436,69216,70004,70256,70512,71296,71536,72332,73088,73360,73616,74396,75168,75436,75680,76460,76716,77496,77752,78532,78788,79572,80340,80596,80852,81636,81892,82672,82916,83696,83952,84732,85504,85772,86028,86808,87580,87836,88092,88888,89644,89912,90168,90952,91720,91976,92748,93016,93272,94052,94296,95076,95332,96116,96372,97152,97408,
1552,776,768,268,772,256,772,268,772,268,248,776,264,772,772,276,240,796,244,780,256,780,764,264,256,780,256,780,768,272,244,780,256,784,764,272,244,780,780,260,256,784,240,784,256,780,256,780,780,260,244,780,256,784,256,780,256,780,768,260,256,780,764,276,256,780,772,256,256,780,772,256,772,268,256,780,256,784,240,784,256,780,256,9496,1540,792,768,260,764,264,776,264,776,260,244,780,260,780,776,264,240,796,244,780,256,780,780,260,256,780,244,780,788,252,256,784,240,796,756,272,256,780,772,268,244,780,256,780,256,780,256,784,768,256,256,784,256,780,244,780,256,780,772,268,256,780,772,256,256,796,756,268,256,784,768,256,772,268,256,780,244,780,256,784,256,780,256,
n,l,l,s,l,s,l,s,l,s,s,l,s,l,l,s,s,l,s,l,s,l,l,s,s,l,s,l,l,s,s,l,s,l,l,s,s,l,l,s,s,l,s,l,s,l,s,l,l,s,s,l,s,l,s,l,s,l,l,s,s,l,l,s,s,l,l,s,s,l,l,s,l,s,s,l,s,l,s,l,s,l,s,p,n,l,l,s,l,s,l,s,l,s,s,l,s,l,l,s,s,l,s,l,s,l,l,s,s,l,s,l,l,s,s,l,s,l,l,s,s,l,l,s,s,l,s,l,s,l,s,l,l,s,s,l,s,l,s,l,s,l,l,s,s,l,l,s,s,l,l,s,s,l,l,s,l,s,s,l,s,l,s,l,s,l,s,
s: 82, 256.49
l: 82, 777.90
===
Dump: 84
1,0,1,0,1,0,1,0,1,0,1,0,1,0,1,0,1,0,1,0,1,0,1,0,1,0,1,0,1,0,1,0,1,0,1,0,1,0,1,0,1,0,1,0,1,0,1,0,1,0,1,0,1,0,1,0,1,0,1,0,1,0,1,0,1,0,1,0,1,0,1,0,1,0,1,0,1,0,1,0,1,0,1,
1544,2324,3096,3352,4120,4392,5160,5416,6200,6456,6712,7492,7752,8532,9304,9556,9820,10608,10844,11632,11880,12668,13440,13696,13956,14732,14980,15768,16540,16808,17060,17832,18096,18872,19640,19912,20160,20932,21704,21972,22224,23012,23260,24048,24296,25072,25336,26108,26880,27148,27400,28188,28436,29212,29472,30248,30496,31284,32056,32324,32572,33348,34120,34392,34636,35432,36196,36456,36716,37496,38260,38520,39300,39560,39816,40600,40840,41620,41880,42660,42916,43696,43952,
1544,780,772,256,768,272,768,256,784,256,256,780,260,780,772,252,264,788,236,788,248,788,772,256,260,776,248,788,772,268,252,772,264,776,768,272,248,772,772,268,252,788,248,788,248,776,264,772,772,268,252,788,248,776,260,776,248,788,772,268,248,776,772,272,244,796,764,260,260,780,764,260,780,260,256,784,240,780,260,780,256,780,256,
n,l,l,s,l,s,l,s,l,s,s,l,s,l,l,s,s,l,s,l,s,l,l,s,s,l,s,l,l,s,s,l,s,l,l,s,s,l,l,s,s,l,s,l,s,l,s,l,l,s,s,l,s,l,s,l,s,l,l,s,s,l,l,s,s,l,l,s,s,l,l,s,l,s,s,l,s,l,s,l,s,l,s,
s: 41, 256.59
l: 41, 777.76
===
Dump: 168
1,0,1,0,1,0,1,0,1,0,1,0,1,0,1,0,1,0,1,0,1,0,1,0,1,0,1,0,1,0,1,0,1,0,1,0,1,0,1,0,1,0,1,0,1,0,1,0,1,0,1,0,1,0,1,0,1,0,1,0,1,0,1,0,1,0,1,0,1,0,1,0,1,0,1,0,1,0,1,0,1,0,1,0,1,0,1,0,1,0,1,0,1,0,1,0,1,0,1,0,1,0,1,0,1,0,1,0,1,0,1,0,1,0,1,0,1,0,1,0,1,0,1,0,1,0,1,0,1,0,1,0,1,0,1,0,1,0,1,0,1,0,1,0,1,0,1,0,1,0,1,0,1,0,1,0,1,0,1,0,1,0,1,0,1,0,1,
1544,2340,3096,3368,4136,4392,5176,5432,6204,6472,6728,7496,7752,8532,9304,9572,9828,10624,10868,11648,11892,12672,13440,13712,13968,14748,15004,15784,16556,16812,17068,17848,18104,18884,19656,19924,20168,20948,21720,21988,22244,23028,23268,24048,24308,25088,25344,26124,26896,27164,27408,28188,28444,29224,29484,30264,30520,31300,32072,32328,32584,33364,34136,34404,34660,35440,36200,36468,36724,37504,38276,38544,39316,39572,39828,40608,40864,41644,41900,42680,42924,43704,43964,53452,55000,55792,56552,56820,57588,57844,58628,58884,59656,59924,60180,60948,61204,61984,62756,63024,63280,64076,64320,65100,65344,66124,66896,67164,67420,68200,68444,69224,69996,70264,70520,71300,71560,72340,73108,73364,73620,74404,75172,75444,75684,76480,76724,77504,77760,78540,78796,79576,80348,80616,80868,81640,81904,82680,82928,83716,83964,84752,85524,85780,86044,86816,87588,87856,88104,88892,89652,89920,90168,90956,91728,91996,92768,93024,93284,94060,94308,95096,95348,96136,96384,97160,97420,
1544,796,756,272,768,256,784,256,772,268,256,768,256,780,772,268,256,796,244,780,244,780,768,272,256,780,256,780,772,256,256,780,256,780,772,268,244,780,772,268,256,784,240,780,260,780,256,780,772,268,244,780,256,780,260,780,256,780,772,256,256,780,772,268,256,780,760,268,256,780,772,268,772,256,256,780,256,780,256,780,244,780,260,9488,1548,792,760,268,768,256,784,256,772,268,256,768,256,780,772,268,256,796,244,780,244,780,772,268,256,780,244,780,772,268,256,780,260,780,768,256,256,784,768,272,240,796,244,780,256,780,256,780,772,268,252,772,264,776,248,788,248,788,772,256,264,772,772,268,248,788,760,268,248,788,772,268,772,256,260,776,248,788,252,788,248,776,260,
n,l,l,s,l,s,l,s,l,s,s,l,s,l,l,s,s,l,s,l,s,l,l,s,s,l,s,l,l,s,s,l,s,l,l,s,s,l,l,s,s,l,s,l,s,l,s,l,l,s,s,l,s,l,s,l,s,l,l,s,s,l,l,s,s,l,l,s,s,l,l,s,l,s,s,l,s,l,s,l,s,l,s,p,n,l,l,s,l,s,l,s,l,s,s,l,s,l,l,s,s,l,s,l,s,l,l,s,s,l,s,l,l,s,s,l,s,l,l,s,s,l,l,s,s,l,s,l,s,l,s,l,l,s,s,l,s,l,s,l,s,l,l,s,s,l,l,s,s,l,l,s,s,l,l,s,l,s,s,l,s,l,s,l,s,l,s,
s: 82, 257.17
l: 82, 777.46
===
Dump: 84
1,0,1,0,1,0,1,0,1,0,1,0,1,0,1,0,1,0,1,0,1,0,1,0,1,0,1,0,1,0,1,0,1,0,1,0,1,0,1,0,1,0,1,0,1,0,1,0,1,0,1,0,1,0,1,0,1,0,1,0,1,0,1,0,1,0,1,0,1,0,1,0,1,0,1,0,1,0,1,0,1,0,1,
1548,2324,3096,3352,4136,4392,5160,5432,6200,6468,6720,7492,7756,8532,9300,9572,9820,10608,10856,11632,11896,12668,13440,13708,13956,14744,14996,15768,16540,16808,17060,17848,18096,18884,19640,19908,20160,20948,21720,21992,22236,23016,23260,24052,24296,25076,25336,26116,26892,27156,27412,28192,28436,29216,29472,30252,30508,31292,32056,32332,32572,33352,34132,34392,34652,35432,36196,36456,36712,37496,38272,38536,39300,39572,39816,40596,40856,41636,41892,42672,42916,43696,43952,
1548,776,772,256,784,256,768,272,768,268,252,772,264,776,768,272,248,788,248,776,264,772,772,268,248,788,252,772,772,268,252,788,248,788,756,268,252,788,772,272,244,780,244,792,244,780,260,780,776,264,256,780,244,780,256,780,256,784,764,276,240,780,780,260,260,780,764,260,256,784,776,264,764,272,244,780,260,780,256,780,244,780,256,
n,l,l,s,l,s,l,s,l,s,s,l,s,l,l,s,s,l,s,l,s,l,l,s,s,l,s,l,l,s,s,l,s,l,l,s,s,l,l,s,s,l,s,l,s,l,s,l,l,s,s,l,s,l,s,l,s,l,l,s,s,l,l,s,s,l,l,s,s,l,l,s,l,s,s,l,s,l,s,l,s,l,s,
s: 41, 257.17
l: 41, 777.07
===
