Dump: 168
1,0,1,0,1,0,1,0,1,0,1,0,1,0,1,0,1,0,1,0,1,0,1,0,1,0,1,0,1,0,1,0,1,0,1,0,1,0,1,0,1,0,1,0,1,0,1,0,1,0,1,0,1,0,1,0,1,0,1,0,1,0,1,0,1,0,1,0,1,0,1,0,1,0,1,0,1,0,1,0,1,0,1,0,1,0,1,0,1,0,1,0,1,0,1,0,1,0,1,0,1,0,1,0,1,0,1,0,1,0,1,0,1,0,1,0,1,0,1,0,1,0,1,0,1,0,1,0,1,0,1,0,1,0,1,0,1,0,1,0,1,0,1,0,1,0,1,0,1,0,1,0,1,0,1,0,1,0,1,0,1,0,1,0,1,0,1,
1552,2344,3108,3368,4144,4400,5180,5436,6212,6484,6736,7516,7768,8548,9332,9584,9848,10640,10880,11672,11924,12704,13476,13740,13992,14784,15036,15816,16588,16848,17104,17880,18148,18928,19696,19960,20212,20992,21764,22040,22292,23072,23324,24104,24356,25136,25404,26184,26952,27216,27468,28248,28516,29292,29548,30328,31096,31360,31612,32404,33176,33440,33692,34472,34724,35516,36288,36552,36804,37584,38356,38620,39404,39664,39920,40696,40952,41732,41984,42776,43028,43808,44060,53588,55120,55916,56684,56948,57720,57984,58756,59020,59788,60064,60304,61084,61348,62128,62900,63164,63416,64220,64460,65240,65492,66272,67044,67320,67572,68352,68604,69384,70156,70420,70684,71464,71716,72496,73268,73544,73796,74576,75348,75608,75864,76644,76896,77688,77932,78720,78976,79752,80536,80800,81044,81832,82088,82864,83120,83908,84676,84940,85200,85972,86744,87020,87268,88052,88312,89096,89856,90132,90380,91164,91936,92200,92972,93236,93492,94280,94524,95312,95568,96344,96600,97392,97632,
1552,792,764,260,776,256,780,256,776,272,252,780,252,780,784,252,264,792,240,792,252,780,772,264,252,792,252,780,772,260,256,776,268,780,768,264,252,780,772,276,252,780,252,780,252,780,268,780,768,264,252,780,268,776,256,780,768,264,252,792,772,264,252,780,252,792,772,264,252,780,772,264,784,260,256,776,256,780,252,792,252,780,252,9528,1532,796,768,264,772,264,772,264,768,276,240,780,264,780,772,264,252,804,240,780,252,780,772,276,252,780,252,780,772,264,264,780,252,780,772,276,252,780,772,260,256,780,252,792,244,788,256,776,784,264,244,788,256,776,256,788,768,264,260,772,772,276,248,784,260,784,760,276,248,784,772,264,772,264,256,788,244,788,256,776,256,792,240,
n,l,l,s,l,s,l,s,l,s,s,l,s,l,l,s,s,l,s,l,s,l,l,s,s,l,s,l,l,s,s,l,s,l,l,s,s,l,l,s,s,l,s,l,s,l,s,l,l,s,s,l,s,l,s,l,l,s,s,l,l,s,s,l,s,l,l,s,s,l,l,s,l,s,s,l,s,l,s,l,s,l,s,p,n,l,l,s,l,s,l,s,l,s,s,l,s,l,l,s,s,l,s,l,s,l,l,s,s,l,s,l,l,s,s,l,s,l,l,s,s,l,l,s,s,l,s,l,s,l,s,l,l,s,s,l,s,l,s,l,l,s,s,l,l,s,s,l,s,l,l,s,s,l,l,s,l,s,s,l,s,l,s,l,s,l,s,
s: 82, 257.61
l: 82, 779.22
===
Dump: 252
1,0,1,0,1,0,1,0,1,0,1,0,1,0,1,0,1,0,1,0,1,0,1,0,1,0,1,0,1,0,1,0,1,0,1,0,1,0,1,0,1,0,1,0,1,0,1,0,1,0,1,0,1,0,1,0,1,0,1,0,1,0,1,0,1,0,1,0,1,0,1,0,1,0,1,0,1,0,1,0,1,0,1,0,1,0,1,0,1,0,1,0,1,0,1,0,1,0,1,0,1,0,1,0,1,0,1,0,1,0,1,0,1,0,1,0,1,0,1,0,1,0,1,0,1,0,1,0,1,0,1,0,1,0,1,0,1,0,1,0,1,0,1,0,1,0,1,0,1,0,1,0,1,0,1,0,1,0,1,0,1,0,1,0,1,0,1,0,1,0,1,0,1,0,1,0,1,0,1,0,1,0,1,0,1,0,1,0,1,0,1,0,1,0,1,0,1,0,1,0,1,0,1,0,1,0,1,0,1,0,1,0,1,0,1,0,1,0,1,0,1,0,1,0,1,0,1,0,1,0,1,0,1,0,1,0,1,0,1,0,1,0,1,0,1,0,1,0,1,0,1,
1560,2336,3108,3372,4144,4408,5180,5440,6212,6488,6740,7520,7772,8552,9324,9588,9840,10644,10884,11664,11916,12696,13480,13744,13996,14776,15028,15808,16592,16856,17108,17888,18140,18932,19704,19968,20220,21000,21772,22032,22288,23080,23332,24112,24364,25144,25396,26188,26960,27224,27476,28256,28508,29300,29552,30332,31100,31364,31616,32396,33180,33444,33696,34476,34728,35520,36292,36556,36804,37588,38360,38624,39396,39672,39916,40704,40948,41736,41992,42780,43024,43812,44068,53580,55128,55920,56688,56952,57724,57988,58760,59024,59792,60056,60308,61088,61356,62132,62904,63168,63428,64212,64460,65244,65492,66276,67048,67324,67572,68356,68604,69388,70160,70424,70680,71468,71712,72500,73272,73548,73792,74580,75352,75612,75872,76644,76904,77692,77936,78724,78980,79756,80540,80804,81048,81836,82092,82872,83124,83904,84684,84940,85204,85984,86748,87020,87272,88052,88304,89096,89860,90132,90384,91164,91940,92196,92976,93244,93496,94276,94528,95308,95572,96352,96604,97384,97636,107160,108712,109504,110256,110528,111304,111560,112340,112596,113376,113644,113896,114676,114928,115708,116484,116744,116996,117800,118040,118820,119072,119852,120628,120900,121152,121932,122184,122964,123740,124012,124264,125044,125296,126088,126852,127124,127376,128156,128932,129188,129440,130220,130488,131264,131520,132296,132552,133344,134112,134376,134628,135408,135664,136440,136708,137488,138256,138520,138772,139552,140336,140600,140852,141632,141884,142676,143436,143712,143964,144744,145516,145780,146548,146812,147080,147860,148112,148892,149144,149924,150176,150968,151220,
1560,776,772,264,772,264,772,260,772,276,252,780,252,780,772,264,252,804,240,780,252,780,784,264,252,780,252,780,784,264,252,780,252,792,772,264,252,780,772,260,256,792,252,780,252,780,252,792,772,264,252,780,252,792,252,780,768,264,252,780,784,264,252,780,252,792,772,264,248,784,772,264,772,276,244,788,244,788,256,788,244,788,256,9512,1548,792,768,264,772,264,772,264,768,264,252,780,268,776,772,264,260,784,248,784,248,784,772,276,248,784,248,784,772,264,256,788,244,788,772,276,244,788,772,260,260,772,260,788,244,788,256,776,784,264,244,788,256,780,252,780,780,256,264,780,764,272,252,780,252,792,764,272,252,780,776,256,780,268,252,780,252,780,264,780,252,780,252,9524,1552,792,752,272,776,256,780,256,780,268,252,780,252,780,776,260,252,804,240,780,252,780,776,272,252,780,252,780,776,272,252,780,252,792,764,272,252,780,776,256,252,780,268,776,256,776,256,792,768,264,252,780,256,776,268,780,768,264,252,780,784,264,252,780,252,792,760,276,252,780,772,264,768,264,268,780,252,780,252,780,252,792,252,
n,l,l,s,l,s,l,s,l,s,s,l,s,l,l,s,s,l,s,l,s,l,l,s,s,l,s,l,l,s,s,l,s,l,l,s,s,l,l,s,s,l,s,l,s,l,s,l,l,s,s,l,s,l,s,l,l,s,s,l,l,s,s,l,s,l,l,s,s,l,l,s,l,s,s,l,s,l,s,l,s,l,s,p,n,l,l,s,l,s,l,s,l,s,s,l,s,l,l,s,s,l,s,l,s,l,l,s,s,l,s,l,l,s,s,l,s,l,l,s,s,l,l,s,s,l,s,l,s,l,s,l,l,s,s,l,s,l,s,l,l,s,s,l,l,s,s,l,s,l,l,s,s,l,l,s,l,s,s,l,s,l,s,l,s,l,s,p,n,l,l,s,l,s,l,s,l,s,s,l,s,l,l,s,s,l,s,l,s,l,l,s,s,l,s,l,l,s,s,l,s,l,l,s,s,l,l,s,s,l,s,l,s,l,s,l,l,s,s,l,s,l,s,l,l,s,s,l,l,s,s,l,s,l,l,s,s,l,l,s,l,s,s,l,s,l,s,l,s,l,s,
s: 123, 257.27
l: 123, 779.51
===
Dump: 252
1,0,1,0,1,0,1,0,1,0,1,0,1,0,1,0,1,0,1,0,1,0,1,0,1,0,1,0,1,0,1,0,1,0,1,0,1,0,1,0,1,0,1,0,1,0,1,0,1,0,1,0,1,0,1,0,1,0,1,0,1,0,1,0,1,0,1,0,1,0,1,0,1,0,1,0,1,0,1,0,1,0,1,0,1,0,1,0,1,0,1,0,1,0,1,0,1,0,1,0,1,0,1,0,1,0,1,0,1,0,1,0,1,0,1,0,1,0,1,0,1,0,1,0,1,0,1,0,1,0,1,0,1,0,1,0,1,0,1,0,1,0,1,0,1,0,1,0,1,0,1,0,1,0,1,0,1,0,1,0,1,0,1,0,1,0,1,0,1,0,1,0,1,0,1,0,1,0,1,0,1,0,1,0,1,0,1,0,1,0,1,0,1,0,1,0,1,0,1,0,1,0,1,0,1,0,1,0,1,0,1,0,1,0,1,0,1,0,1,0,1,0,1,0,1,0,1,0,1,0,1,0,1,0,1,0,1,0,1,0,1,0,1,0,1,0,1,0,1,0,1,
1544,2336,3108,3372,4140,4404,5176,5440,6212,6488,6732,7508,7764,8552,9324,9588,9844,10632,10876,11664,11920,12696,13468,13744,13988,14776,15032,15808,16576,16852,17100,17884,18144,18916,19688,19964,20212,20996,21768,22032,22292,23064,23324,24116,24356,25148,25400,26180,26956,27212,27468,28260,28512,29292,29544,30324,31100,31372,31624,32404,33168,33436,33688,34468,34736,35512,36280,36548,36800,37580,38360,38628,39392,39664,39916,40696,40948,41740,41992,42772,43024,43804,44056,53580,55132,55912,56676,56944,57724,57980,58756,59016,59792,60060,60316,61096,61348,62128,62904,63160,63424,64216,64456,65236,65492,66284,67048,67316,67568,68348,68600,69392,70160,70428,70680,71460,71712,72504,73276,73540,73792,74572,75344,75608,75860,76652,76904,77684,77936,78716,78968,79760,80532,80796,81048,81828,82080,82872,83124,83904,84676,84940,85192,85984,86756,87016,87272,88052,88304,89096,89864,90128,90380,91160,91932,92196,92968,93244,93496,94276,94528,95308,95560,96352,96604,97384,97636,107168,108700,109492,110264,110528,111296,111560,112332,112596,113368,113644,113884,114664,114928,115708,116480,116744,116996,117800,118040,118820,119072,119852,120624,120900,121152,121932,122184,122964,123732,124008,124264,125040,125296,126072,126844,127120,127372,128152,128924,129188,129440,130220,130472,131264,131516,132296,132548,133340,134112,134376,134628,135408,135660,136440,136704,137484,138256,138520,138772,139552,140336,140600,140844,141632,141888,142676,143432,143708,143956,144744,145512,145776,146548,146824,147068,147856,148100,148888,149148,149932,150180,150964,151224,
1544,792,772,264,768,264,772,264,772,276,244,776,256,788,772,264,256,788,244,788,256,776,772,276,244,788,256,776,768,276,248,784,260,772,772,276,248,784,772,264,260,772,260,792,240,792,252,780,776,256,256,792,252,780,252,780,776,272,252,780,764,268,252,780,268,776,768,268,252,780,780,268,764,272,252,780,252,792,252,780,252,780,252,9524,1552,780,764,268,780,256,776,260,776,268,256,780,252,780,776,256,264,792,240,780,256,792,764,268,252,780,252,792,768,268,252,780,252,792,772,264,252,780,772,264,252,792,252,780,252,780,252,792,772,264,252,780,252,792,252,780,772,264,252,792,772,260,256,780,252,792,768,264,252,780,772,264,772,276,252,780,252,780,252,792,252,780,252,9532,1532,792,772,264,768,264,772,264,772,276,240,780,264,780,772,264,252,804,240,780,252,780,772,276,252,780,252,780,768,276,256,776,256,776,772,276,252,780,772,264,252,780,252,792,252,780,252,792,772,264,252,780,252,780,264,780,772,264,252,780,784,264,244,788,256,788,756,276,248,788,768,264,772,276,244,788,244,788,260,784,248,784,260,
n,l,l,s,l,s,l,s,l,s,s,l,s,l,l,s,s,l,s,l,s,l,l,s,s,l,s,l,l,s,s,l,s,l,l,s,s,l,l,s,s,l,s,l,s,l,s,l,l,s,s,l,s,l,s,l,l,s,s,l,l,s,s,l,s,l,l,s,s,l,l,s,l,s,s,l,s,l,s,l,s,l,s,p,n,l,l,s,l,s,l,s,l,s,s,l,s,l,l,s,s,l,s,l,s,l,l,s,s,l,s,l,l,s,s,l,s,l,l,s,s,l,l,s,s,l,s,l,s,l,s,l,l,s,s,l,s,l,s,l,l,s,s,l,l,s,s,l,s,l,l,s,s,l,l,s,l,s,s,l,s,l,s,l,s,l,s,p,n,l,l,s,l,s,l,s,l,s,s,l,s,l,l,s,s,l,s,l,s,l,l,s,s,l,s,l,l,s,s,l,s,l,l,s,s,l,l,s,s,l,s,l,s,l,s,l,l,s,s,l,s,l,s,l,l,s,s,l,l,s,s,l,s,l,l,s,s,l,l,s,l,s,s,l,s,l,s,l,s,l,s,
s: 123, 257.76
l: 123, 779.15
===
Dump: 168
1,0,1,0,1,0,1,0,1,0,1,0,1,0,1,0,1,0,1,0,1,0,1,0,1,0,1,0,1,0,1,0,1,0,1,0,1,0,1,0,1,0,1,0,1,0,1,0,1,0,1,0,1,0,1,0,1,0,1,0,1,0,1,0,1,0,1,0,1,0,1,0,1,0,1,0,1,0,1,0,1,0,1,0,1,0,1,0,1,0,1,0,1,0,1,0,1,0,1,0,1,0,1,0,1,0,1,0,1,0,1,0,1,0,1,0,1,0,1,0,1,0,1,0,1,0,1,0,1,0,1,0,1,0,1,0,1,0,1,0,1,0,1,0,1,0,1,0,1,0,1,0,1,0,1,0,1,0,1,0,1,0,1,0,1,0,1,
1544,2336,3104,3356,4140,4392,5176,5440,6212,6472,6728,7504,7772,8552,9320,9584,9836,10628,10884,11660,11916,12692,13464,13740,13992,14772,15024,15804,16576,16840,17092,17884,18136,18916,19688,19952,20204,20996,21768,22032,22284,23064,23316,24108,24360,25140,25392,26172,26944,27220,27472,28252,28504,29284,29536,30328,31100,31364,31616,32396,33164,33428,33680,34472,34728,35520,36276,36552,36800,37584,38356,38620,39392,39656,39912,40700,40944,41732,41988,42764,43020,43808,44052,53576,55124,55916,56672,56936,57720,57972,58756,59020,59788,60052,60304,61084,61352,62132,62900,63164,63424,64208,64456,65240,65488,66272,67044,67308,67568,68352,68600,69384,70156,70420,70680,71464,71712,72496,73268,73532,73788,74576,75348,75612,75856,76644,76900,77688,77932,78720,78976,79752,80524,80800,81044,81832,82088,82868,83120,83900,84680,84936,85188,85980,86744,87016,87268,88048,88300,89092,89856,90128,90380,91160,91936,92192,92972,93240,93492,94272,94524,95304,95556,96348,96600,97380,97632,
1544,792,768,252,784,252,784,264,772,260,256,776,268,780,768,264,252,792,256,776,256,776,772,276,252,780,252,780,772,264,252,792,252,780,772,264,252,792,772,264,252,780,252,792,252,780,252,780,772,276,252,780,252,780,252,792,772,264,252,780,768,264,252,792,256,792,756,276,248,784,772,264,772,264,256,788,244,788,256,776,256,788,244,9524,1548,792,756,264,784,252,784,264,768,264,252,780,268,780,768,264,260,784,248,784,248,784,772,264,260,784,248,784,772,264,260,784,248,784,772,264,256,788,772,264,244,788,256,788,244,788,256,776,772,276,244,788,256,780,252,780,780,256,252,792,764,272,252,780,252,792,764,272,252,780,776,256,780,268,252,780,252,780,252,792,252,780,252,
n,l,l,s,l,s,l,s,l,s,s,l,s,l,l,s,s,l,s,l,s,l,l,s,s,l,s,l,l,s,s,l,s,l,l,s,s,l,l,s,s,l,s,l,s,l,s,l,l,s,s,l,s,l,s,l,l,s,s,l,l,s,s,l,s,l,l,s,s,l,l,s,l,s,s,l,s,l,s,l,s,l,s,p,n,l,l,s,l,s,l,s,l,s,s,l,s,l,l,s,s,l,s,l,s,l,l,s,s,l,s,l,l,s,s,l,s,l,l,s,s,l,l,s,s,l,s,l,s,l,s,l,l,s,s,l,s,l,s,l,l,s,s,l,l,s,s,l,s,l,l,s,s,l,l,s,l,s,s,l,s,l,s,l,s,l,s,
s: 82, 257.02
l: 82, 779.76
===
Dump: 168
1,0,1,0,1,0,1,0,1,0,1,0,1,0,1,0,1,0,1,0,1,0,1,0,1,0,1,0,1,0,1,0,1,0,1,0,1,0,1,0,1,0,1,0,1,0,1,0,1,0,1,0,1,0,1,0,1,0,1,0,1,0,1,0,1,0,1,0,1,0,1,0,1,0,1,0,1,0,1,0,1,0,1,0,1,0,1,0,1,0,1,0,1,0,1,0,1,0,1,0,1,0,1,0,1,0,1,0,1,0,1,0,1,0,1,0,1,0,1,0,1,0,1,0,1,0,1,0,1,0,1,0,1,0,1,0,1,0,1,0,1,0,1,0,1,0,1,0,1,0,1,0,1,0,1,0,1,0,1,0,1,0,1,0,1,0,1,
1552,2344,3108,3368,4148,4400,5184,5448,6220,6484,6736,7516,7780,8560,9332,9596,9848,10640,10892,11672,11924,12704,13476,13740,13992,14784,15036,15816,16588,16848,17104,17896,18148,18928,19696,19960,20212,21004,21776,22040,22292,23072,23324,24104,24368,25148,25400,26180,26952,27228,27480,28260,28512,29292,29544,30324,31108,31372,31624,32404,33176,33440,33692,34484,34736,35528,36288,36552,36804,37596,38368,38628,39400,39664,39916,40708,40960,41740,41992,42772,43024,43804,44072,53588,55132,55924,56684,56948,57732,57984,58764,59016,59800,60064,60316,61096,61348,62128,62912,63164,63428,64220,64460,65252,65504,66284,67056,67320,67572,68364,68616,69396,70168,70432,70684,71464,71732,72508,73280,73544,73800,74576,75356,75620,75868,76652,76912,77684,77944,78732,78976,79764,80532,80808,81056,81840,82088,82872,83132,83904,84676,84952,85200,85984,86756,87020,87280,88064,88312,89108,89868,90132,90388,91180,91948,92216,92980,93252,93504,94284,94536,95316,95568,96360,96612,97392,97644,
1552,792,764,260,780,252,784,264,772,264,252,780,264,780,772,264,252,792,252,780,252,780,772,264,252,792,252,780,772,260,256,792,252,780,768,264,252,792,772,264,252,780,252,780,264,780,252,780,772,276,252,780,252,780,252,780,784,264,252,780,772,264,252,792,252,792,760,264,252,792,772,260,772,264,252,792,252,780,252,780,252,780,268,9516,1544,792,760,264,784,252,780,252,784,264,252,780,252,780,784,252,264,792,240,792,252,780,772,264,252,792,252,780,772,264,252,780,268,776,772,264,256,776,780,264,248,784,260,772,260,788,244,788,768,276,248,784,248,784,260,772,772,276,248,784,772,264,260,784,248,796,760,264,256,792,768,268,764,272,252,780,252,780,252,792,252,780,252,
n,l,l,s,l,s,l,s,l,s,s,l,s,l,l,s,s,l,s,l,s,l,l,s,s,l,s,l,l,s,s,l,s,l,l,s,s,l,l,s,s,l,s,l,s,l,s,l,l,s,s,l,s,l,s,l,l,s,s,l,l,s,s,l,s,l,l,s,s,l,l,s,l,s,s,l,s,l,s,l,s,l,s,p,n,l,l,s,l,s,l,s,l,s,s,l,s,l,l,s,s,l,s,l,s,l,l,s,s,l,s,l,l,s,s,l,s,l,l,s,s,l,l,s,s,l,s,l,s,l,s,l,l,s,s,l,s,l,s,l,l,s,s,l,l,s,s,l,s,l,l,s,s,l,l,s,l,s,s,l,s,l,s,l,s,l,s,
s: 82, 257.12
l: 82, 779.85
===
Dump: 84
1,0,1,0,1,0,1,0,1,0,1,0,1,0,1,0,1,0,1,0,1,0,1,0,1,0,1,0,1,0,1,0,1,0,1,0,1,0,1,0,1,0,1,0,1,0,1,0,1,0,1,0,1,0,1,0,1,0,1,0,1,0,1,0,1,0,1,0,1,0,1,0,1,0,1,0,1,0,1,0,1,0,1,
1552,2344,3108,3368,4148,4400,5184,5436,6220,6484,6736,7516,7768,8548,9332,9596,9848,10640,10880,11672,11924,12704,13476,13736,13992,14784,15036,15816,16584,16848,17100,17892,18148,18924,19696,19960,20212,21004,21776,22040,22292,23072,23324,24104,24356,25148,25400,26180,26952,27228,27468,28260,28512,29292,29544,30324,31096,31372,31624,32404,33176,33440,33692,34484,34736,35528,36288,36552,36804,37596,38364,38628,39400,39664,39916,40696,40960,41740,41992,42772,43024,43804,44068,
1552,792,764,260,780,252,784,252,784,264,252,780,252,780,784,264,252,792,240,792,252,780,772,260,256,792,252,780,768,264,252,792,256,776,772,264,252,792,772,264,252,780,252,780,252,792,252,780,772,276,240,792,252,780,252,780,772,276,252,780,772,264,252,792,252,792,760,264,252,792,768,264,772,264,252,780,264,780,252,780,252,780,264,
n,l,l,s,l,s,l,s,l,s,s,l,s,l,l,s,s,l,s,l,s,l,l,s,s,l,s,l,l,s,s,l,s,l,l,s,s,l,l,s,s,l,s,l,s,l,s,l,l,s,s,l,s,l,s,l,l,s,s,l,l,s,s,l,s,l,l,s,s,l,l,s,l,s,s,l,s,l,s,l,s,l,s,
s: 41, 256.39
l: 41, 780.59
===
Dump: 84
1,0,1,0,1,0,1,0,1,0,1,0,1,0,1,0,1,0,1,0,1,0,1,0,1,0,1,0,1,0,1,0,1,0,1,0,1,0,1,0,1,0,1,0,1,0,1,0,1,0,1,0,1,0,1,0,1,0,1,0,1,0,1,0,1,0,1,0,1,0,1,0,1,0,1,0,1,0,1,0,1,0,1,
1544,2336,3104,3356,4140,4392,5176,5440,6208,6472,6728,7504,7772,8552,9320,9584,9836,10628,10884,11660,11916,12692,13464,13740,13992,14772,15024,15804,16576,16840,17092,17884,18136,18916,19688,19964,20216,20996,21768,22032,22284,23064,23316,24108,24360,25140,25392,26172,26956,27220,27472,28252,28504,29284,29536,30328,31100,31364,31616,32396,33164,33440,33696,34476,34732,35520,36276,36552,36800,37584,38356,38620,39392,39656,39912,40700,40944,41732,41988,42764,43024,43808,44056,
1544,792,768,252,784,252,784,264,768,264,256,776,268,780,768,264,252,792,256,776,256,776,772,276,252,780,252,780,772,264,252,792,252,780,772,276,252,780,772,264,252,780,252,792,252,780,252,780,784,264,252,780,252,780,252,792,772,264,252,780,768,276,256,780,256,788,756,276,248,784,772,264,772,264,256,788,244,788,256,776,260,784,248,
n,l,l,s,l,s,l,s,l,s,s,l,s,l,l,s,s,l,s,l,s,l,l,s,s,l,s,l,l,s,s,l,s,l,l,s,s,l,l,s,s,l,s,l,s,l,s,l,l,s,s,l,s,l,s,l,l,s,s,l,l,s,s,l,s,l,l,s,s,l,l,s,l,s,s,l,s,l,s,l,s,l,s,
s: 41, 257.85
l: 41, 779.02
===
Dump: 84
1,0,1,0,1,0,1,0,1,0,1,0,1,0,1,0,1,0,1,0,1,0,1,0,1,0,1,0,1,0,1,0,1,0,1,0,1,0,1,0,1,0,1,0,1,0,1,0,1,0,1,0,1,0,1,0,1,0,1,0,1,0,1,0,1,0,1,0,1,0,1,0,1,0,1,0,1,0,1,0,1,0,1,
1552,2340,3096,3360,4144,4408,5180,5444,6212,6484,6736,7516,7768,8548,9324,9584,9848,10640,10880,11660,11912,12704,13468,13740,13992,14772,15024,15804,16580,16852,17104,17884,18136,18928,19692,19960,20212,20992,21772,22028,22280,23072,23324,24104,24356,25136,25404,26180,26952,27216,27468,28248,28500,29292,29544,30324,31096,31360,31612,32404,33176,33440,33692,34472,34724,35516,36288,36552,36804,37584,38352,38616,39400,39664,39916,40696,40948,41728,41980,42772,43024,43804,44056,
1552,788,756,264,784,264,772,264,768,272,252,780,252,780,776,260,264,792,240,780,252,792,764,272,252,780,252,780,776,272,252,780,252,792,764,268,252,780,780,256,252,792,252,780,252,780,268,776,772,264,252,780,252,792,252,780,772,264,252,792,772,264,252,780,252,792,772,264,252,780,768,264,784,264,252,780,252,780,252,792,252,780,252,
n,l,l,s,l,s,l,s,l,s,s,l,s,l,l,s,s,l,s,l,s,l,l,s,s,l,s,l,l,s,s,l,s,l,l,s,s,l,l,s,s,l,s,l,s,l,s,l,l,s,s,l,s,l,s,l,l,s,s,l,l,s,s,l,s,l,l,s,s,l,l,s,l,s,s,l,s,l,s,l,s,l,s,
s: 41, 257.17
l: 41, 779.51
===
