Dump: 84
1,0,1,0,1,0,1,0,1,0,1,0,1,0,1,0,1,0,1,0,1,0,1,0,1,0,1,0,1,0,1,0,1,0,1,0,1,0,1,0,1,0,1,0,1,0,1,0,1,0,1,0,1,0,1,0,1,0,1,0,1,0,1,0,1,0,1,0,1,0,1,0,1,0,1,0,1,0,1,0,1,0,1,
1552,2332,3096,3356,4136,4396,5160,5424,6200,6464,6720,7500,7756,8536,9304,9564,9820,10616,10856,11640,11896,12676,13448,13716,13960,14740,14996,15776,16548,16816,17072,17852,18096,18876,19648,19916,20172,20952,21724,21980,22236,23016,23272,24056,24312,25092,25348,26128,26900,27156,27412,28192,28448,29228,29472,30252,31024,31292,32064,32332,32588,33372,33612,34396,35164,35448,36204,36472,36716,37496,38268,38536,39308,39576,39820,40616,40856,41636,41896,42676,42932,43712,43968,
1552,780,764,260,780,260,764,264,776,264,256,780,256,780,768,260,256,796,240,784,256,780,772,268,244,780,256,780,772,268,256,780,244,780,772,268,256,780,772,256,256,780,256,784,256,780,256,780,772,256,256,780,256,780,244,780,772,268,772,268,256,784,240,784,768,284,756,268,244,780,772,268,772,268,244,796,240,780,260,780,256,780,256,
n,l,l,s,l,s,l,s,l,s,s,l,s,l,l,s,s,l,s,l,s,l,l,s,s,l,s,l,l,s,s,l,s,l,l,s,s,l,l,s,s,l,s,l,s,l,s,l,l,s,s,l,s,l,s,l,l,s,l,s,s,l,s,l,l,s,l,s,s,l,l,s,l,s,s,l,s,l,s,l,s,l,s,
s: 41, 257.17
l: 41, 777.37
===
Dump: 84
1,0,1,0,1,0,1,0,1,0,1,0,1,0,1,0,1,0,1,0,1,0,1,0,1,0,1,0,1,0,1,0,1,0,1,0,1,0,1,0,1,0,1,0,1,0,1,0,1,0,1,0,1,0,1,0,1,0,1,0,1,0,1,0,1,0,1,0,1,0,1,0,1,0,1,0,1,0,1,0,1,0,1,
1548,2332,3096,3356,4136,4396,5176,5424,6200,6476,6720,7500,7756,8536,9300,9564,9820,10612,10856,11636,11896,12676,13440,13716,13956,14740,14996,15776,16552,16816,17060,17852,18096,18888,19656,19916,20172,20952,21720,21980,22236,23016,23272,24056,24312,25092,25348,26128,26896,27156,27412,28192,28448,29232,29472,30256,31024,31296,32064,32332,32592,33372,33616,34396,35164,35448,36204,36472,36716,37496,38268,38536,39308,39576,39820,40616,40856,41640,41896,42676,42932,43712,43968,
1548,784,764,260,780,260,780,248,776,276,244,780,256,780,764,264,256,792,244,780,260,780,764,276,240,784,256,780,776,264,244,792,244,792,768,260,256,780,768,260,256,780,256,784,256,780,256,780,768,260,256,780,256,784,240,784,768,272,768,268,260,780,244,780,768,284,756,268,244,780,772,268,772,268,244,796,240,784,256,780,256,780,256,
n,l,l,s,l,s,l,s,l,s,s,l,s,l,l,s,s,l,s,l,s,l,l,s,s,l,s,l,l,s,s,l,s,l,l,s,s,l,l,s,s,l,s,l,s,l,s,l,l,s,s,l,s,l,s,l,l,s,l,s,s,l,s,l,l,s,l,s,s,l,l,s,l,s,s,l,s,l,s,l,s,l,s,
s: 41, 256.88
l: 41, 777.76
===
Dump: 168
1,0,1,0,1,0,1,0,1,0,1,0,1,0,1,0,1,0,1,0,1,0,1,0,1,0,1,0,1,0,1,0,1,0,1,0,1,0,1,0,1,0,1,0,1,0,1,0,1,0,1,0,1,0,1,0,1,0,1,0,1,0,1,0,1,0,1,0,1,0,1,0,1,0,1,0,1,0,1,0,1,0,1,0,1,0,1,0,1,0,1,0,1,0,1,0,1,0,1,0,1,0,1,0,1,0,1,0,1,0,1,0,1,0,1,0,1,0,1,0,1,0,1,0,1,0,1,0,1,0,1,0,1,0,1,0,1,0,1,0,1,0,1,0,1,0,1,0,1,0,1,0,1,0,1,0,1,0,1,0,1,0,1,0,1,0,1,
1536,2324,3096,3352,4124,4392,5164,5416,6204,6456,6708,7496,7744,8520,9304,9560,9820,10608,10844,11632,11884,12672,13440,13696,13960,14736,14984,15772,16544,16812,17060,17836,18096,18872,19644,19916,20160,20940,21720,21980,22240,23020,23260,24044,24300,25080,25336,26116,26880,27156,27400,28180,28436,29216,29476,30256,31020,31296,32060,32320,32576,33360,33616,34396,35160,35436,36200,36460,36720,37500,38264,38524,39304,39564,39820,40604,40860,41640,41884,42664,42920,43700,43956,53452,54992,55788,56552,56812,57592,57840,58620,58880,59656,59920,60176,60944,61212,61980,62760,63020,63276,64072,64316,65096,65340,66132,66896,67160,67416,68196,68452,69232,69996,70260,70516,71296,71552,72332,73100,73372,73616,74396,75176,75436,75692,76476,76732,77512,77756,78536,78792,79572,80344,80612,80868,81648,81892,82672,82932,83712,84480,84752,85520,85792,86032,86816,87072,87852,88624,88892,89660,89916,90172,90956,91724,91996,92764,93020,93276,94060,94316,95096,95352,96132,96376,97156,97412,
1536,788,772,256,772,268,772,252,788,252,252,788,248,776,784,256,260,788,236,788,252,788,768,256,264,776,248,788,772,268,248,776,260,776,772,272,244,780,780,260,260,780,240,784,256,780,256,780,764,276,244,780,256,780,260,780,764,276,764,260,256,784,256,780,764,276,764,260,260,780,764,260,780,260,256,784,256,780,244,780,256,780,256,9496,1540,796,764,260,780,248,780,260,776,264,256,768,268,768,780,260,256,796,244,780,244,792,764,264,256,780,256,780,764,264,256,780,256,780,768,272,244,780,780,260,256,784,256,780,244,780,256,780,772,268,256,780,244,780,260,780,768,272,768,272,240,784,256,780,772,268,768,256,256,784,768,272,768,256,256,784,256,780,256,780,244,780,256,
n,l,l,s,l,s,l,s,l,s,s,l,s,l,l,s,s,l,s,l,s,l,l,s,s,l,s,l,l,s,s,l,s,l,l,s,s,l,l,s,s,l,s,l,s,l,s,l,l,s,s,l,s,l,s,l,l,s,l,s,s,l,s,l,l,s,l,s,s,l,l,s,l,s,s,l,s,l,s,l,s,l,s,p,n,l,l,s,l,s,l,s,l,s,s,l,s,l,l,s,s,l,s,l,s,l,l,s,s,l,s,l,l,s,s,l,s,l,l,s,s,l,l,s,s,l,s,l,s,l,s,l,l,s,s,l,s,l,s,l,l,s,l,s,s,l,s,l,l,s,l,s,s,l,l,s,l,s,s,l,s,l,s,l,s,l,s,
s: 82, 257.02
l: 82, 777.61
===
