Dump: 168
1,0,1,0,1,0,1,0,1,0,1,0,1,0,1,0,1,0,1,0,1,0,1,0,1,0,1,0,1,0,1,0,1,0,1,0,1,0,1,0,1,0,1,0,1,0,1,0,1,0,1,0,1,0,1,0,1,0,1,0,1,0,1,0,1,0,1,0,1,0,1,0,1,0,1,0,1,0,1,0,1,0,1,0,1,0,1,0,1,0,1,0,1,0,1,0,1,0,1,0,1,0,1,0,1,0,1,0,1,0,1,0,1,0,1,0,1,0,1,0,1,0,1,0,1,0,1,0,1,0,1,0,1,0,1,0,1,0,1,0,1,0,1,0,1,0,1,0,1,0,1,0,1,0,1,0,1,0,1,0,1,0,1,0,1,0,1,
1544,2328,3096,3368,4136,4392,5164,5432,6204,6472,6716,7496,7752,8532,9304,9572,9828,10608,10852,11648,11892,12672,13440,13712,13972,14748,14996,15784,16556,16812,17076,17848,18096,18884,19656,19924,20176,20948,21720,21988,22240,23028,23276,24048,24312,25088,25348,26124,26896,27164,27412,28200,28452,29224,29996,30264,31036,31304,31556,32328,32592,33368,34136,34404,34656,35444,36212,36468,36732,37508,38276,38552,39316,39580,39836,40616,40860,41640,41896,42676,42932,43716,43972,53468,55008,55796,56564,56820,57592,57860,58632,58888,59672,59940,60188,60964,61228,62000,62772,63028,63292,64080,64328,65100,65352,66140,66912,67180,67428,68216,68464,69240,70012,70280,70528,71324,71564,72348,73112,73388,73644,74424,75188,75448,75708,76488,76744,77524,77768,78548,78804,79584,80364,80624,80880,81664,81908,82688,83464,83728,84504,84768,85024,85804,86048,86828,87604,87868,88124,88916,89668,89944,90188,90968,91744,92008,92772,93048,93292,94072,94328,95108,95364,96144,96404,97184,97428,
1544,784,768,272,768,256,772,268,772,268,244,780,256,780,772,268,256,780,244,796,244,780,768,272,260,776,248,788,772,256,264,772,248,788,772,268,252,772,772,268,252,788,248,772,264,776,260,776,772,268,248,788,252,772,772,268,772,268,252,772,264,776,768,268,252,788,768,256,264,776,768,276,764,264,256,780,244,780,256,780,256,784,256,9496,1540,788,768,256,772,268,772,256,784,268,248,776,264,772,772,256,264,788,248,772,252,788,772,268,248,788,248,776,772,268,248,796,240,784,764,276,256,780,764,260,260,780,256,780,244,780,256,780,780,260,256,784,244,780,776,264,776,264,256,780,244,780,776,264,256,792,752,276,244,780,776,264,764,276,244,780,256,780,256,780,260,780,244,
n,l,l,s,l,s,l,s,l,s,s,l,s,l,l,s,s,l,s,l,s,l,l,s,s,l,s,l,l,s,s,l,s,l,l,s,s,l,l,s,s,l,s,l,s,l,s,l,l,s,s,l,s,l,l,s,l,s,s,l,s,l,l,s,s,l,l,s,s,l,l,s,l,s,s,l,s,l,s,l,s,l,s,p,n,l,l,s,l,s,l,s,l,s,s,l,s,l,l,s,s,l,s,l,s,l,l,s,s,l,s,l,l,s,s,l,s,l,l,s,s,l,l,s,s,l,s,l,s,l,s,l,l,s,s,l,s,l,l,s,l,s,s,l,s,l,l,s,s,l,l,s,s,l,l,s,l,s,s,l,s,l,s,l,s,l,s,
s: 82, 257.80
l: 82, 776.93
===
Dump: 84
1,0,1,0,1,0,1,0,1,0,1,0,1,0,1,0,1,0,1,0,1,0,1,0,1,0,1,0,1,0,1,0,1,0,1,0,1,0,1,0,1,0,1,0,1,0,1,0,1,0,1,0,1,0,1,0,1,0,1,0,1,0,1,0,1,0,1,0,1,0,1,0,1,0,1,0,1,0,1,0,1,0,1,
1540,2332,3096,3360,4124,4384,5164,5424,6208,6464,6708,7488,7744,8528,9296,9564,9824,10616,10860,11640,11884,12664,13436,13704,13960,14740,14996,15780,16548,16804,17060,17840,18100,18880,19652,19920,20164,20944,21712,21984,22240,23020,23264,24044,24300,25080,25336,26120,26888,27156,27416,28196,28440,29220,29988,30260,31028,31300,31540,32324,32580,33360,34132,34400,34656,35436,36208,36464,36720,37500,38272,38540,39312,39564,39824,40604,40860,41640,41896,42676,42932,43716,43956,
1540,792,764,264,764,260,780,260,784,256,244,780,256,784,768,268,260,792,244,780,244,780,772,268,256,780,256,784,768,256,256,780,260,780,772,268,244,780,768,272,256,780,244,780,256,780,256,784,768,268,260,780,244,780,768,272,768,272,240,784,256,780,772,268,256,780,772,256,256,780,772,268,772,252,260,780,256,780,256,780,256,784,240,
n,l,l,s,l,s,l,s,l,s,s,l,s,l,l,s,s,l,s,l,s,l,l,s,s,l,s,l,l,s,s,l,s,l,l,s,s,l,l,s,s,l,s,l,s,l,s,l,l,s,s,l,s,l,l,s,l,s,s,l,s,l,l,s,s,l,l,s,s,l,l,s,l,s,s,l,s,l,s,l,s,l,s,
s: 41, 257.07
l: 41, 777.46
===
Dump: 84
1,0,1,0,1,0,1,0,1,0,1,0,1,0,1,0,1,0,1,0,1,0,1,0,1,0,1,0,1,0,1,0,1,0,1,0,1,0,1,0,1,0,1,0,1,0,1,0,1,0,1,0,1,0,1,0,1,0,1,0,1,0,1,0,1,0,1,0,1,0,1,0,1,0,1,0,1,0,1,0,1,0,1,
1532,2324,3084,3352,4124,4380,5164,5416,6188,6456,6716,7480,7740,8520,9288,9560,9816,10608,10852,11632,11876,12656,13428,13696,13952,14736,14992,15772,16544,16800,17056,17836,18092,18872,19644,19912,20156,20936,21708,21976,22232,23012,23256,24052,24292,25076,25332,26112,26884,27152,27408,28188,28432,29212,29984,30252,31024,31292,31536,32328,32572,33352,34124,34392,34648,35428,36200,36468,36712,37492,38264,38532,39304,39560,39816,40596,40852,41632,41888,42672,42928,43708,43952,
1532,792,760,268,772,256,784,252,772,268,260,764,260,780,768,272,256,792,244,780,244,780,772,268,256,784,256,780,772,256,256,780,256,780,772,268,244,780,772,268,256,780,244,796,240,784,256,780,772,268,256,780,244,780,772,268,772,268,244,792,244,780,772,268,256,780,772,268,244,780,772,268,772,256,256,780,256,780,256,784,256,780,244,
n,l,l,s,l,s,l,s,l,s,s,l,s,l,l,s,s,l,s,l,s,l,l,s,s,l,s,l,l,s,s,l,s,l,l,s,s,l,l,s,s,l,s,l,s,l,s,l,l,s,s,l,s,l,l,s,l,s,s,l,s,l,l,s,s,l,l,s,s,l,l,s,l,s,s,l,s,l,s,l,s,l,s,
s: 41, 256.68
l: 41, 777.95
===
