Dump: 168
1,0,1,0,1,0,1,0,1,0,1,0,1,0,1,0,1,0,1,0,1,0,1,0,1,0,1,0,1,0,1,0,1,0,1,0,1,0,1,0,1,0,1,0,1,0,1,0,1,0,1,0,1,0,1,0,1,0,1,0,1,0,1,0,1,0,1,0,1,0,1,0,1,0,1,0,1,0,1,0,1,0,1,0,1,0,1,0,1,0,1,0,1,0,1,0,1,0,1,0,1,0,1,0,1,0,1,0,1,0,1,0,1,0,1,0,1,0,1,0,1,0,1,0,1,0,1,0,1,0,1,0,1,0,1,0,1,0,1,0,1,0,1,0,1,0,1,0,1,0,1,0,1,0,1,0,1,0,1,0,1,0,1,0,1,0,1,
1560,2340,3108,3372,4144,4408,5192,5444,6228,6488,6744,7520,7788,8568,9336,9600,9852,10660,10900,11676,11932,12724,13492,13756,14008,14788,15056,15832,16604,16868,17120,17912,18164,18944,19716,19980,20244,21024,21796,22060,22312,23092,23356,24136,24388,25168,25432,26212,26984,27248,27500,28292,29064,29328,29580,30360,31132,31408,31660,32440,32692,33484,33736,34516,34768,35560,36332,36596,36848,37628,38396,38660,39444,39708,39956,40740,41000,41784,42032,42816,43076,43860,44108,53644,55188,55980,56752,57004,57788,58052,58820,59084,59856,60132,60384,61164,61416,62196,62980,63232,63492,64288,64536,65320,65568,66352,67124,67388,67644,68432,68680,69464,70236,70512,70756,71544,71800,72588,73360,73624,73868,74656,75424,75700,75948,76732,76992,77768,78024,78812,79068,79844,80616,80896,81136,81928,82692,82964,83216,83996,84772,85044,85296,86076,86328,87108,87372,88152,88404,89196,89960,90232,90484,91264,92040,92296,93076,93344,93596,94376,94628,95420,95676,96452,96708,97484,97752,
1560,780,768,264,772,264,784,252,784,260,256,776,268,780,768,264,252,808,240,776,256,792,768,264,252,780,268,776,772,264,252,792,252,780,772,264,264,780,772,264,252,780,264,780,252,780,264,780,772,264,252,792,772,264,252,780,772,276,252,780,252,792,252,780,252,792,772,264,252,780,768,264,784,264,248,784,260,784,248,784,260,784,248,9536,1544,792,772,252,784,264,768,264,772,276,252,780,252,780,784,252,260,796,248,784,248,784,772,264,256,788,248,784,772,276,244,788,256,788,772,264,244,788,768,276,248,784,260,776,256,788,256,776,772,280,240,792,764,272,252,780,776,272,252,780,252,780,264,780,252,792,764,272,252,780,776,256,780,268,252,780,252,792,256,776,256,776,268,
n,l,l,s,l,s,l,s,l,s,s,l,s,l,l,s,s,l,s,l,s,l,l,s,s,l,s,l,l,s,s,l,s,l,l,s,s,l,l,s,s,l,s,l,s,l,s,l,l,s,s,l,l,s,s,l,l,s,s,l,s,l,s,l,s,l,l,s,s,l,l,s,l,s,s,l,s,l,s,l,s,l,s,p,n,l,l,s,l,s,l,s,l,s,s,l,s,l,l,s,s,l,s,l,s,l,l,s,s,l,s,l,l,s,s,l,s,l,l,s,s,l,l,s,s,l,s,l,s,l,s,l,l,s,s,l,l,s,s,l,l,s,s,l,s,l,s,l,s,l,l,s,s,l,l,s,l,s,s,l,s,l,s,l,s,l,s,
s: 82, 258.05
l: 82, 779.90
===
Dump: 168
1,0,1,0,1,0,1,0,1,0,1,0,1,0,1,0,1,0,1,0,1,0,1,0,1,0,1,0,1,0,1,0,1,0,1,0,1,0,1,0,1,0,1,0,1,0,1,0,1,0,1,0,1,0,1,0,1,0,1,0,1,0,1,0,1,0,1,0,1,0,1,0,1,0,1,0,1,0,1,0,1,0,1,0,1,0,1,0,1,0,1,0,1,0,1,0,1,0,1,0,1,0,1,0,1,0,1,0,1,0,1,0,1,0,1,0,1,0,1,0,1,0,1,0,1,0,1,0,1,0,1,0,1,0,1,0,1,0,1,0,1,0,1,0,1,0,1,0,1,0,1,0,1,0,1,0,1,0,1,0,1,0,1,0,1,0,1,
1544,2336,3108,3372,4140,4404,5176,5440,6224,6488,6740,7520,7772,8552,9336,9600,9852,10644,10896,11676,11928,12708,13480,13756,14008,14788,15040,15820,16604,16868,17120,17900,18152,18944,19716,19980,20232,21012,21792,22056,22308,23088,23340,24136,24388,25168,25420,26212,26980,27244,27496,28276,29048,29324,29576,30356,31128,31392,31644,32436,32696,33468,33728,34512,34760,35556,36316,36592,36836,37624,38396,38660,39428,39708,39952,40740,40996,41772,42028,42816,43060,43848,44108,53640,55188,55968,56736,57000,57772,58036,58820,59084,59856,60120,60376,61152,61408,62196,62968,63228,63488,64288,64520,65308,65564,66352,67120,67384,67644,68416,68676,69464,70232,70496,70756,71540,71788,72572,73344,73620,73868,74652,75424,75692,75948,76724,76980,77756,78024,78804,79056,79836,80612,80884,81136,81916,82692,82948,83212,83992,84772,85028,85280,86072,86324,87104,87356,88136,88404,89196,89960,90216,90468,91260,92028,92296,93072,93332,93596,94376,94628,95408,95660,96452,96704,97484,97736,
1544,792,772,264,768,264,772,264,784,264,252,780,252,780,784,264,252,792,252,780,252,780,772,276,252,780,252,780,784,264,252,780,252,792,772,264,252,780,780,264,252,780,252,796,252,780,252,792,768,264,252,780,772,276,252,780,772,264,252,792,260,772,260,784,248,796,760,276,244,788,772,264,768,280,244,788,256,776,256,788,244,788,260,9532,1548,780,768,264,772,264,784,264,772,264,256,776,256,788,772,260,260,800,232,788,256,788,768,264,260,772,260,788,768,264,260,784,248,784,772,276,248,784,772,268,256,776,256,776,268,780,252,780,776,272,252,780,776,256,264,780,780,256,252,792,252,780,252,780,268,792,764,256,252,792,768,268,776,260,264,780,252,780,252,792,252,780,252,
n,l,l,s,l,s,l,s,l,s,s,l,s,l,l,s,s,l,s,l,s,l,l,s,s,l,s,l,l,s,s,l,s,l,l,s,s,l,l,s,s,l,s,l,s,l,s,l,l,s,s,l,l,s,s,l,l,s,s,l,s,l,s,l,s,l,l,s,s,l,l,s,l,s,s,l,s,l,s,l,s,l,s,p,n,l,l,s,l,s,l,s,l,s,s,l,s,l,l,s,s,l,s,l,s,l,l,s,s,l,s,l,l,s,s,l,s,l,l,s,s,l,l,s,s,l,s,l,s,l,s,l,l,s,s,l,l,s,s,l,l,s,s,l,s,l,s,l,s,l,l,s,s,l,l,s,l,s,s,l,s,l,s,l,s,l,s,
s: 82, 258.00
l: 82, 779.95
===
Dump: 84
1,0,1,0,1,0,1,0,1,0,1,0,1,0,1,0,1,0,1,0,1,0,1,0,1,0,1,0,1,0,1,0,1,0,1,0,1,0,1,0,1,0,1,0,1,0,1,0,1,0,1,0,1,0,1,0,1,0,1,0,1,0,1,0,1,0,1,0,1,0,1,0,1,0,1,0,1,0,1,0,1,0,1,
1556,2348,3108,3368,4152,4404,5188,5452,6224,6500,6740,7520,7784,8564,9336,9596,9864,10656,10896,11676,11928,12720,13492,13752,14008,14800,15044,15832,16600,16864,17124,17912,18156,18944,19712,19988,20236,21020,21792,22056,22316,23100,23348,24132,24392,25164,25424,26208,26980,27256,27504,28288,29060,29324,29584,30356,31140,31404,31648,32436,32692,33472,33728,34520,34772,35564,36328,36596,36848,37628,38408,38664,39440,39712,39964,40744,40996,41776,42028,42820,43072,43852,44104,
1556,792,760,260,784,252,784,264,772,276,240,780,264,780,772,260,268,792,240,780,252,792,772,260,256,792,244,788,768,264,260,788,244,788,768,276,248,784,772,264,260,784,248,784,260,772,260,784,772,276,248,784,772,264,260,772,784,264,244,788,256,780,256,792,252,792,764,268,252,780,780,256,776,272,252,780,252,780,252,792,252,780,252,
n,l,l,s,l,s,l,s,l,s,s,l,s,l,l,s,s,l,s,l,s,l,l,s,s,l,s,l,l,s,s,l,s,l,l,s,s,l,l,s,s,l,s,l,s,l,s,l,l,s,s,l,l,s,s,l,l,s,s,l,s,l,s,l,s,l,l,s,s,l,l,s,l,s,s,l,s,l,s,l,s,l,s,
s: 41, 257.27
l: 41, 780.49
===
Dump: 84
1,0,1,0,1,0,1,0,1,0,1,0,1,0,1,0,1,0,1,0,1,0,1,0,1,0,1,0,1,0,1,0,1,0,1,0,1,0,1,0,1,0,1,0,1,0,1,0,1,0,1,0,1,0,1,0,1,0,1,0,1,0,1,0,1,0,1,0,1,0,1,0,1,0,1,0,1,0,1,0,1,0,1,
1552,2340,3108,3372,4144,4408,5192,5444,6224,6496,6748,7528,7780,8560,9336,9596,9860,10652,10892,11684,11936,12716,13492,13752,14016,14796,15048,15828,16604,16864,17128,17908,18160,18952,19716,19984,20240,21020,21796,22064,22316,23096,23348,24128,24380,25176,25428,26208,26976,27252,27504,28284,29056,29320,29572,30364,31136,31400,31652,32444,32696,33476,33728,34508,34772,35564,36324,36588,36840,37632,38404,38668,39436,39700,39956,40748,41000,41780,42032,42824,43076,43856,44108,
1552,788,768,264,772,264,784,252,780,272,252,780,252,780,776,260,264,792,240,792,252,780,776,260,264,780,252,780,776,260,264,780,252,792,764,268,256,780,776,268,252,780,252,780,252,796,252,780,768,276,252,780,772,264,252,792,772,264,252,792,252,780,252,780,264,792,760,264,252,792,772,264,768,264,256,792,252,780,252,792,252,780,252,
n,l,l,s,l,s,l,s,l,s,s,l,s,l,l,s,s,l,s,l,s,l,l,s,s,l,s,l,l,s,s,l,s,l,l,s,s,l,l,s,s,l,s,l,s,l,s,l,l,s,s,l,l,s,s,l,l,s,s,l,s,l,s,l,s,l,l,s,s,l,l,s,l,s,s,l,s,l,s,l,s,l,s,
s: 41, 257.56
l: 41, 780.39
===
